<?xml version="1.0" encoding="UTF-8"?>
<testsuites name="xcresult: UpcomingMovies" tests="452" failures="1" errors="0">
    <testsuite name="CoreDataInfrastructure-Unit-CoreDataInfrastructureTests.CDUserStoreTests" tests="1" disabled="0" errors="0" failures="0">
        <testcase name="testSaveUser()" classname="CDUserStoreTests" timestamp="2024-09-30T19:08:06.915+00:00" time="0.009" id="trunk:test://com.apple.xcode/Pods/CoreDataInfrastructure-Unit-CoreDataInfrastructureTests/CDUserStoreTests/testSaveUser">
        </testcase>
    </testsuite>
    <testsuite name="CoreDataInfrastructure-Unit-CoreDataInfrastructureTests.CDMovieSearchStoreTests" tests="1" disabled="0" errors="0" failures="0">
        <testcase name="testSaveMovieSearch()" classname="CDMovieSearchStoreTests" timestamp="2024-09-30T19:08:06.915+00:00" time="0.001" id="trunk:test://com.apple.xcode/Pods/CoreDataInfrastructure-Unit-CoreDataInfrastructureTests/CDMovieSearchStoreTests/testSaveMovieSearch">
        </testcase>
    </testsuite>
    <testsuite name="CoreDataInfrastructure-Unit-CoreDataInfrastructureTests.CDMovieVisitStoreTests" tests="2" disabled="0" errors="0" failures="0">
        <testcase name="testSaveMovieVisitError()" classname="CDMovieVisitStoreTests" timestamp="2024-09-30T19:08:06.915+00:00" time="0.001" id="trunk:test://com.apple.xcode/Pods/CoreDataInfrastructure-Unit-CoreDataInfrastructureTests/CDMovieVisitStoreTests/testSaveMovieVisitError">
        </testcase>
        <testcase name="testSaveMovieVisitSuccess()" classname="CDMovieVisitStoreTests" timestamp="2024-09-30T19:08:06.915+00:00" time="0.001" id="trunk:test://com.apple.xcode/Pods/CoreDataInfrastructure-Unit-CoreDataInfrastructureTests/CDMovieVisitStoreTests/testSaveMovieVisitSuccess">
        </testcase>
    </testsuite>
    <testsuite name="CoreDataInfrastructure-Unit-CoreDataInfrastructureTests.CDGenreStoreTests" tests="2" disabled="0" errors="0" failures="0">
        <testcase name="testFindAllGenres()" classname="CDGenreStoreTests" timestamp="2024-09-30T19:08:06.915+00:00" time="0.016" id="trunk:test://com.apple.xcode/Pods/CoreDataInfrastructure-Unit-CoreDataInfrastructureTests/CDGenreStoreTests/testFindAllGenres">
        </testcase>
        <testcase name="testSaveGenre()" classname="CDGenreStoreTests" timestamp="2024-09-30T19:08:06.915+00:00" time="0.001" id="trunk:test://com.apple.xcode/Pods/CoreDataInfrastructure-Unit-CoreDataInfrastructureTests/CDGenreStoreTests/testSaveGenre">
        </testcase>
    </testsuite>
    <testsuite name="NetworkInfrastructure-Unit-NetworkInfrastructureTests.MarkAsFavoriteTests" tests="4" disabled="0" errors="0" failures="0">
        <testcase name="testStatusMessageFromResponse()" classname="MarkAsFavoriteTests" timestamp="2024-09-30T19:08:06.915+00:00" time="0.005" id="trunk:test://com.apple.xcode/Pods/NetworkInfrastructure-Unit-NetworkInfrastructureTests/MarkAsFavoriteTests/testStatusMessageFromResponse">
        </testcase>
        <testcase name="testMissingStatusCodeFromResponse()" classname="MarkAsFavoriteTests" timestamp="2024-09-30T19:08:06.915+00:00" time="0.001" id="trunk:test://com.apple.xcode/Pods/NetworkInfrastructure-Unit-NetworkInfrastructureTests/MarkAsFavoriteTests/testMissingStatusCodeFromResponse">
        </testcase>
        <testcase name="testStatusCodeFromResponse()" classname="MarkAsFavoriteTests" timestamp="2024-09-30T19:08:06.915+00:00" time="0.000" id="trunk:test://com.apple.xcode/Pods/NetworkInfrastructure-Unit-NetworkInfrastructureTests/MarkAsFavoriteTests/testStatusCodeFromResponse">
        </testcase>
        <testcase name="testMissingStatusMessageFromResponse()" classname="MarkAsFavoriteTests" timestamp="2024-09-30T19:08:06.915+00:00" time="0.000" id="trunk:test://com.apple.xcode/Pods/NetworkInfrastructure-Unit-NetworkInfrastructureTests/MarkAsFavoriteTests/testMissingStatusMessageFromResponse">
        </testcase>
    </testsuite>
    <testsuite name="NetworkInfrastructure-Unit-NetworkInfrastructureTests.MovieCreditsTests" tests="12" disabled="0" errors="0" failures="0">
        <testcase name="testMissingIdFromCastResponse()" classname="MovieCreditsTests" timestamp="2024-09-30T19:08:06.915+00:00" time="0.002" id="trunk:test://com.apple.xcode/Pods/NetworkInfrastructure-Unit-NetworkInfrastructureTests/MovieCreditsTests/testMissingIdFromCastResponse">
        </testcase>
        <testcase name="testMissingCharacterFromCastResponse()" classname="MovieCreditsTests" timestamp="2024-09-30T19:08:06.915+00:00" time="0.002" id="trunk:test://com.apple.xcode/Pods/NetworkInfrastructure-Unit-NetworkInfrastructureTests/MovieCreditsTests/testMissingCharacterFromCastResponse">
        </testcase>
        <testcase name="testMissingNameFromCrewResponse()" classname="MovieCreditsTests" timestamp="2024-09-30T19:08:06.915+00:00" time="0.001" id="trunk:test://com.apple.xcode/Pods/NetworkInfrastructure-Unit-NetworkInfrastructureTests/MovieCreditsTests/testMissingNameFromCrewResponse">
        </testcase>
        <testcase name="testIdFromCrewResponse()" classname="MovieCreditsTests" timestamp="2024-09-30T19:08:06.915+00:00" time="0.000" id="trunk:test://com.apple.xcode/Pods/NetworkInfrastructure-Unit-NetworkInfrastructureTests/MovieCreditsTests/testIdFromCrewResponse">
        </testcase>
        <testcase name="testJobFromCrewResponse()" classname="MovieCreditsTests" timestamp="2024-09-30T19:08:06.915+00:00" time="0.000" id="trunk:test://com.apple.xcode/Pods/NetworkInfrastructure-Unit-NetworkInfrastructureTests/MovieCreditsTests/testJobFromCrewResponse">
        </testcase>
        <testcase name="testNameFromCastResponse()" classname="MovieCreditsTests" timestamp="2024-09-30T19:08:06.915+00:00" time="0.000" id="trunk:test://com.apple.xcode/Pods/NetworkInfrastructure-Unit-NetworkInfrastructureTests/MovieCreditsTests/testNameFromCastResponse">
        </testcase>
        <testcase name="testMissingJobFromCrewResponse()" classname="MovieCreditsTests" timestamp="2024-09-30T19:08:06.915+00:00" time="0.001" id="trunk:test://com.apple.xcode/Pods/NetworkInfrastructure-Unit-NetworkInfrastructureTests/MovieCreditsTests/testMissingJobFromCrewResponse">
        </testcase>
        <testcase name="testMissingIdFromCrewResponse()" classname="MovieCreditsTests" timestamp="2024-09-30T19:08:06.915+00:00" time="0.000" id="trunk:test://com.apple.xcode/Pods/NetworkInfrastructure-Unit-NetworkInfrastructureTests/MovieCreditsTests/testMissingIdFromCrewResponse">
        </testcase>
        <testcase name="testMissingNameFromCastResponse()" classname="MovieCreditsTests" timestamp="2024-09-30T19:08:06.915+00:00" time="0.000" id="trunk:test://com.apple.xcode/Pods/NetworkInfrastructure-Unit-NetworkInfrastructureTests/MovieCreditsTests/testMissingNameFromCastResponse">
        </testcase>
        <testcase name="testIdFromCastResponse()" classname="MovieCreditsTests" timestamp="2024-09-30T19:08:06.915+00:00" time="0.000" id="trunk:test://com.apple.xcode/Pods/NetworkInfrastructure-Unit-NetworkInfrastructureTests/MovieCreditsTests/testIdFromCastResponse">
        </testcase>
        <testcase name="testCharacterFromCastResponse()" classname="MovieCreditsTests" timestamp="2024-09-30T19:08:06.915+00:00" time="0.000" id="trunk:test://com.apple.xcode/Pods/NetworkInfrastructure-Unit-NetworkInfrastructureTests/MovieCreditsTests/testCharacterFromCastResponse">
        </testcase>
        <testcase name="testNameFromCrewResponse()" classname="MovieCreditsTests" timestamp="2024-09-30T19:08:06.915+00:00" time="0.000" id="trunk:test://com.apple.xcode/Pods/NetworkInfrastructure-Unit-NetworkInfrastructureTests/MovieCreditsTests/testNameFromCrewResponse">
        </testcase>
    </testsuite>
    <testsuite name="NetworkInfrastructure-Unit-NetworkInfrastructureTests.URLGenerationTests" tests="5" disabled="0" errors="0" failures="0">
        <testcase name="testURLRequestSetJsonContentTypeNil()" classname="URLGenerationTests" timestamp="2024-09-30T19:08:06.915+00:00" time="0.001" id="trunk:test://com.apple.xcode/Pods/NetworkInfrastructure-Unit-NetworkInfrastructureTests/URLGenerationTests/testURLRequestSetJsonContentTypeNil">
        </testcase>
        <testcase name="testPercentEscapedEmptyParamters()" classname="URLGenerationTests" timestamp="2024-09-30T19:08:06.915+00:00" time="0.001" id="trunk:test://com.apple.xcode/Pods/NetworkInfrastructure-Unit-NetworkInfrastructureTests/URLGenerationTests/testPercentEscapedEmptyParamters">
        </testcase>
        <testcase name="testURLRequestSetJsonContentType()" classname="URLGenerationTests" timestamp="2024-09-30T19:08:06.915+00:00" time="0.001" id="trunk:test://com.apple.xcode/Pods/NetworkInfrastructure-Unit-NetworkInfrastructureTests/URLGenerationTests/testURLRequestSetJsonContentType">
        </testcase>
        <testcase name="testPercentEscapedSingleParameters()" classname="URLGenerationTests" timestamp="2024-09-30T19:08:06.915+00:00" time="0.001" id="trunk:test://com.apple.xcode/Pods/NetworkInfrastructure-Unit-NetworkInfrastructureTests/URLGenerationTests/testPercentEscapedSingleParameters">
        </testcase>
        <testcase name="testPercentEscapedMultipleParameters()" classname="URLGenerationTests" timestamp="2024-09-30T19:08:06.915+00:00" time="0.000" id="trunk:test://com.apple.xcode/Pods/NetworkInfrastructure-Unit-NetworkInfrastructureTests/URLGenerationTests/testPercentEscapedMultipleParameters">
        </testcase>
    </testsuite>
    <testsuite name="NetworkInfrastructure-Unit-NetworkInfrastructureTests.MovieImagesConfigurationTests" tests="4" disabled="0" errors="0" failures="0">
        <testcase name="testBaseURLStringFromResponse()" classname="MovieImagesConfigurationTests" timestamp="2024-09-30T19:08:06.915+00:00" time="0.002" id="trunk:test://com.apple.xcode/Pods/NetworkInfrastructure-Unit-NetworkInfrastructureTests/MovieImagesConfigurationTests/testBaseURLStringFromResponse">
        </testcase>
        <testcase name="testMissingBaseURLStringFromResponse()" classname="MovieImagesConfigurationTests" timestamp="2024-09-30T19:08:06.915+00:00" time="0.000" id="trunk:test://com.apple.xcode/Pods/NetworkInfrastructure-Unit-NetworkInfrastructureTests/MovieImagesConfigurationTests/testMissingBaseURLStringFromResponse">
        </testcase>
        <testcase name="testMissingBackdropSizesFromResponse()" classname="MovieImagesConfigurationTests" timestamp="2024-09-30T19:08:06.915+00:00" time="0.000" id="trunk:test://com.apple.xcode/Pods/NetworkInfrastructure-Unit-NetworkInfrastructureTests/MovieImagesConfigurationTests/testMissingBackdropSizesFromResponse">
        </testcase>
        <testcase name="testMissingPosterSizesFromResponse()" classname="MovieImagesConfigurationTests" timestamp="2024-09-30T19:08:06.915+00:00" time="0.000" id="trunk:test://com.apple.xcode/Pods/NetworkInfrastructure-Unit-NetworkInfrastructureTests/MovieImagesConfigurationTests/testMissingPosterSizesFromResponse">
        </testcase>
    </testsuite>
    <testsuite name="NetworkInfrastructure-Unit-NetworkInfrastructureTests.VideosTests" tests="8" disabled="0" errors="0" failures="0">
        <testcase name="testSiteFromResponse()" classname="VideosTests" timestamp="2024-09-30T19:08:06.915+00:00" time="0.001" id="trunk:test://com.apple.xcode/Pods/NetworkInfrastructure-Unit-NetworkInfrastructureTests/VideosTests/testSiteFromResponse">
        </testcase>
        <testcase name="testKeyFromResponse()" classname="VideosTests" timestamp="2024-09-30T19:08:06.915+00:00" time="0.000" id="trunk:test://com.apple.xcode/Pods/NetworkInfrastructure-Unit-NetworkInfrastructureTests/VideosTests/testKeyFromResponse">
        </testcase>
        <testcase name="testIdFromResponse()" classname="VideosTests" timestamp="2024-09-30T19:08:06.915+00:00" time="0.000" id="trunk:test://com.apple.xcode/Pods/NetworkInfrastructure-Unit-NetworkInfrastructureTests/VideosTests/testIdFromResponse">
        </testcase>
        <testcase name="testNameFromResponse()" classname="VideosTests" timestamp="2024-09-30T19:08:06.915+00:00" time="0.002" id="trunk:test://com.apple.xcode/Pods/NetworkInfrastructure-Unit-NetworkInfrastructureTests/VideosTests/testNameFromResponse">
        </testcase>
        <testcase name="testMissingIdFromResponse()" classname="VideosTests" timestamp="2024-09-30T19:08:06.915+00:00" time="0.000" id="trunk:test://com.apple.xcode/Pods/NetworkInfrastructure-Unit-NetworkInfrastructureTests/VideosTests/testMissingIdFromResponse">
        </testcase>
        <testcase name="testMissingKeyFromResponse()" classname="VideosTests" timestamp="2024-09-30T19:08:06.915+00:00" time="0.000" id="trunk:test://com.apple.xcode/Pods/NetworkInfrastructure-Unit-NetworkInfrastructureTests/VideosTests/testMissingKeyFromResponse">
        </testcase>
        <testcase name="testMissingSiteFromResponse()" classname="VideosTests" timestamp="2024-09-30T19:08:06.915+00:00" time="0.000" id="trunk:test://com.apple.xcode/Pods/NetworkInfrastructure-Unit-NetworkInfrastructureTests/VideosTests/testMissingSiteFromResponse">
        </testcase>
        <testcase name="testMissingNameFromResponse()" classname="VideosTests" timestamp="2024-09-30T19:08:06.915+00:00" time="0.000" id="trunk:test://com.apple.xcode/Pods/NetworkInfrastructure-Unit-NetworkInfrastructureTests/VideosTests/testMissingNameFromResponse">
        </testcase>
    </testsuite>
    <testsuite name="NetworkInfrastructure-Unit-NetworkInfrastructureTests.MovieReviewTests" tests="6" disabled="0" errors="0" failures="0">
        <testcase name="testContentFromResponse()" classname="MovieReviewTests" timestamp="2024-09-30T19:08:06.915+00:00" time="0.001" id="trunk:test://com.apple.xcode/Pods/NetworkInfrastructure-Unit-NetworkInfrastructureTests/MovieReviewTests/testContentFromResponse">
        </testcase>
        <testcase name="testMissingAuthorFromResponse()" classname="MovieReviewTests" timestamp="2024-09-30T19:08:06.915+00:00" time="0.001" id="trunk:test://com.apple.xcode/Pods/NetworkInfrastructure-Unit-NetworkInfrastructureTests/MovieReviewTests/testMissingAuthorFromResponse">
        </testcase>
        <testcase name="testMissingContentFromResponse()" classname="MovieReviewTests" timestamp="2024-09-30T19:08:06.915+00:00" time="0.001" id="trunk:test://com.apple.xcode/Pods/NetworkInfrastructure-Unit-NetworkInfrastructureTests/MovieReviewTests/testMissingContentFromResponse">
        </testcase>
        <testcase name="testIdFromResponse()" classname="MovieReviewTests" timestamp="2024-09-30T19:08:06.915+00:00" time="0.004" id="trunk:test://com.apple.xcode/Pods/NetworkInfrastructure-Unit-NetworkInfrastructureTests/MovieReviewTests/testIdFromResponse">
        </testcase>
        <testcase name="testAuthorFromResponse()" classname="MovieReviewTests" timestamp="2024-09-30T19:08:06.915+00:00" time="0.000" id="trunk:test://com.apple.xcode/Pods/NetworkInfrastructure-Unit-NetworkInfrastructureTests/MovieReviewTests/testAuthorFromResponse">
        </testcase>
        <testcase name="testMissingIdFromResponse()" classname="MovieReviewTests" timestamp="2024-09-30T19:08:06.915+00:00" time="0.001" id="trunk:test://com.apple.xcode/Pods/NetworkInfrastructure-Unit-NetworkInfrastructureTests/MovieReviewTests/testMissingIdFromResponse">
        </testcase>
    </testsuite>
    <testsuite name="NetworkInfrastructure-Unit-NetworkInfrastructureTests.RequestTokenTests" tests="4" disabled="0" errors="0" failures="0">
        <testcase name="testMissingSuccessFromResponse()" classname="RequestTokenTests" timestamp="2024-09-30T19:08:06.915+00:00" time="0.003" id="trunk:test://com.apple.xcode/Pods/NetworkInfrastructure-Unit-NetworkInfrastructureTests/RequestTokenTests/testMissingSuccessFromResponse">
        </testcase>
        <testcase name="testTokenFromResponse()" classname="RequestTokenTests" timestamp="2024-09-30T19:08:06.915+00:00" time="0.000" id="trunk:test://com.apple.xcode/Pods/NetworkInfrastructure-Unit-NetworkInfrastructureTests/RequestTokenTests/testTokenFromResponse">
        </testcase>
        <testcase name="testSuccessFromResponse()" classname="RequestTokenTests" timestamp="2024-09-30T19:08:06.915+00:00" time="0.001" id="trunk:test://com.apple.xcode/Pods/NetworkInfrastructure-Unit-NetworkInfrastructureTests/RequestTokenTests/testSuccessFromResponse">
        </testcase>
        <testcase name="testMissingTokenFromDResponse()" classname="RequestTokenTests" timestamp="2024-09-30T19:08:06.915+00:00" time="0.000" id="trunk:test://com.apple.xcode/Pods/NetworkInfrastructure-Unit-NetworkInfrastructureTests/RequestTokenTests/testMissingTokenFromDResponse">
        </testcase>
    </testsuite>
    <testsuite name="NetworkInfrastructure-Unit-NetworkInfrastructureTests.RateMovieTests" tests="4" disabled="0" errors="0" failures="0">
        <testcase name="testStatusCodeFromResponse()" classname="RateMovieTests" timestamp="2024-09-30T19:08:06.915+00:00" time="0.001" id="trunk:test://com.apple.xcode/Pods/NetworkInfrastructure-Unit-NetworkInfrastructureTests/RateMovieTests/testStatusCodeFromResponse">
        </testcase>
        <testcase name="testMissingStatusMessageFromResponse()" classname="RateMovieTests" timestamp="2024-09-30T19:08:06.915+00:00" time="0.001" id="trunk:test://com.apple.xcode/Pods/NetworkInfrastructure-Unit-NetworkInfrastructureTests/RateMovieTests/testMissingStatusMessageFromResponse">
        </testcase>
        <testcase name="testStatusMessageFromResponse()" classname="RateMovieTests" timestamp="2024-09-30T19:08:06.915+00:00" time="0.000" id="trunk:test://com.apple.xcode/Pods/NetworkInfrastructure-Unit-NetworkInfrastructureTests/RateMovieTests/testStatusMessageFromResponse">
        </testcase>
        <testcase name="testMissingStatusCodeFromResponse()" classname="RateMovieTests" timestamp="2024-09-30T19:08:06.915+00:00" time="0.000" id="trunk:test://com.apple.xcode/Pods/NetworkInfrastructure-Unit-NetworkInfrastructureTests/RateMovieTests/testMissingStatusCodeFromResponse">
        </testcase>
    </testsuite>
    <testsuite name="NetworkInfrastructure-Unit-NetworkInfrastructureTests.AuthClientTests" tests="6" disabled="0" errors="0" failures="0">
        <testcase name="testCreateSessionIdError()" classname="AuthClientTests" timestamp="2024-09-30T19:08:06.915+00:00" time="0.004" id="trunk:test://com.apple.xcode/Pods/NetworkInfrastructure-Unit-NetworkInfrastructureTests/AuthClientTests/testCreateSessionIdError">
        </testcase>
        <testcase name="testGetRequestTokenSuccess()" classname="AuthClientTests" timestamp="2024-09-30T19:08:06.915+00:00" time="0.001" id="trunk:test://com.apple.xcode/Pods/NetworkInfrastructure-Unit-NetworkInfrastructureTests/AuthClientTests/testGetRequestTokenSuccess">
        </testcase>
        <testcase name="testCreateSessionIdSuccess()" classname="AuthClientTests" timestamp="2024-09-30T19:08:06.915+00:00" time="0.001" id="trunk:test://com.apple.xcode/Pods/NetworkInfrastructure-Unit-NetworkInfrastructureTests/AuthClientTests/testCreateSessionIdSuccess">
        </testcase>
        <testcase name="testGetAccessTokenError()" classname="AuthClientTests" timestamp="2024-09-30T19:08:06.915+00:00" time="0.001" id="trunk:test://com.apple.xcode/Pods/NetworkInfrastructure-Unit-NetworkInfrastructureTests/AuthClientTests/testGetAccessTokenError">
        </testcase>
        <testcase name="testGetRequestTokenError()" classname="AuthClientTests" timestamp="2024-09-30T19:08:06.915+00:00" time="0.001" id="trunk:test://com.apple.xcode/Pods/NetworkInfrastructure-Unit-NetworkInfrastructureTests/AuthClientTests/testGetRequestTokenError">
        </testcase>
        <testcase name="testGetAccessTokenSuccess()" classname="AuthClientTests" timestamp="2024-09-30T19:08:06.915+00:00" time="0.001" id="trunk:test://com.apple.xcode/Pods/NetworkInfrastructure-Unit-NetworkInfrastructureTests/AuthClientTests/testGetAccessTokenSuccess">
        </testcase>
    </testsuite>
    <testsuite name="NetworkInfrastructure-Unit-NetworkInfrastructureTests.MovieClientTests" tests="24" disabled="0" errors="0" failures="0">
        <testcase name="testGetPopularMoviesSuccess()" classname="MovieClientTests" timestamp="2024-09-30T19:08:06.915+00:00" time="0.003" id="trunk:test://com.apple.xcode/Pods/NetworkInfrastructure-Unit-NetworkInfrastructureTests/MovieClientTests/testGetPopularMoviesSuccess">
        </testcase>
        <testcase name="testGetMovieReviewsSuccess()" classname="MovieClientTests" timestamp="2024-09-30T19:08:06.915+00:00" time="0.001" id="trunk:test://com.apple.xcode/Pods/NetworkInfrastructure-Unit-NetworkInfrastructureTests/MovieClientTests/testGetMovieReviewsSuccess">
        </testcase>
        <testcase name="testGetMovieVideosSuccess()" classname="MovieClientTests" timestamp="2024-09-30T19:08:06.915+00:00" time="0.001" id="trunk:test://com.apple.xcode/Pods/NetworkInfrastructure-Unit-NetworkInfrastructureTests/MovieClientTests/testGetMovieVideosSuccess">
        </testcase>
        <testcase name="testGetSimilarMoviesError()" classname="MovieClientTests" timestamp="2024-09-30T19:08:06.915+00:00" time="0.000" id="trunk:test://com.apple.xcode/Pods/NetworkInfrastructure-Unit-NetworkInfrastructureTests/MovieClientTests/testGetSimilarMoviesError">
        </testcase>
        <testcase name="testGetMovieCreditsError()" classname="MovieClientTests" timestamp="2024-09-30T19:08:06.915+00:00" time="0.000" id="trunk:test://com.apple.xcode/Pods/NetworkInfrastructure-Unit-NetworkInfrastructureTests/MovieClientTests/testGetMovieCreditsError">
        </testcase>
        <testcase name="testGetSimilarMoviesSuccess()" classname="MovieClientTests" timestamp="2024-09-30T19:08:06.915+00:00" time="0.002" id="trunk:test://com.apple.xcode/Pods/NetworkInfrastructure-Unit-NetworkInfrastructureTests/MovieClientTests/testGetSimilarMoviesSuccess">
        </testcase>
        <testcase name="testGetUpcomingMoviesError()" classname="MovieClientTests" timestamp="2024-09-30T19:08:06.915+00:00" time="0.001" id="trunk:test://com.apple.xcode/Pods/NetworkInfrastructure-Unit-NetworkInfrastructureTests/MovieClientTests/testGetUpcomingMoviesError">
        </testcase>
        <testcase name="testRateMovieError()" classname="MovieClientTests" timestamp="2024-09-30T19:08:06.915+00:00" time="0.001" id="trunk:test://com.apple.xcode/Pods/NetworkInfrastructure-Unit-NetworkInfrastructureTests/MovieClientTests/testRateMovieError">
        </testcase>
        <testcase name="testGetMoviesByGenreSuccess()" classname="MovieClientTests" timestamp="2024-09-30T19:08:06.915+00:00" time="0.001" id="trunk:test://com.apple.xcode/Pods/NetworkInfrastructure-Unit-NetworkInfrastructureTests/MovieClientTests/testGetMoviesByGenreSuccess">
        </testcase>
        <testcase name="testGetMovieReviewsError()" classname="MovieClientTests" timestamp="2024-09-30T19:08:06.915+00:00" time="0.001" id="trunk:test://com.apple.xcode/Pods/NetworkInfrastructure-Unit-NetworkInfrastructureTests/MovieClientTests/testGetMovieReviewsError">
        </testcase>
        <testcase name="testGetUpcomingMoviesSuccess()" classname="MovieClientTests" timestamp="2024-09-30T19:08:06.915+00:00" time="0.001" id="trunk:test://com.apple.xcode/Pods/NetworkInfrastructure-Unit-NetworkInfrastructureTests/MovieClientTests/testGetUpcomingMoviesSuccess">
        </testcase>
        <testcase name="testGetMovieAccountStateSuccess()" classname="MovieClientTests" timestamp="2024-09-30T19:08:06.915+00:00" time="0.002" id="trunk:test://com.apple.xcode/Pods/NetworkInfrastructure-Unit-NetworkInfrastructureTests/MovieClientTests/testGetMovieAccountStateSuccess">
        </testcase>
        <testcase name="testGetMovieDetailSuccess()" classname="MovieClientTests" timestamp="2024-09-30T19:08:06.915+00:00" time="0.002" id="trunk:test://com.apple.xcode/Pods/NetworkInfrastructure-Unit-NetworkInfrastructureTests/MovieClientTests/testGetMovieDetailSuccess">
        </testcase>
        <testcase name="testGetMovieCreditsSuccess()" classname="MovieClientTests" timestamp="2024-09-30T19:08:06.915+00:00" time="0.005" id="trunk:test://com.apple.xcode/Pods/NetworkInfrastructure-Unit-NetworkInfrastructureTests/MovieClientTests/testGetMovieCreditsSuccess">
        </testcase>
        <testcase name="testGetMovieVideosError()" classname="MovieClientTests" timestamp="2024-09-30T19:08:06.915+00:00" time="0.001" id="trunk:test://com.apple.xcode/Pods/NetworkInfrastructure-Unit-NetworkInfrastructureTests/MovieClientTests/testGetMovieVideosError">
        </testcase>
        <testcase name="testGetMoviesByGenreError()" classname="MovieClientTests" timestamp="2024-09-30T19:08:06.915+00:00" time="0.001" id="trunk:test://com.apple.xcode/Pods/NetworkInfrastructure-Unit-NetworkInfrastructureTests/MovieClientTests/testGetMoviesByGenreError">
        </testcase>
        <testcase name="testGetMovieAccountStateError()" classname="MovieClientTests" timestamp="2024-09-30T19:08:06.915+00:00" time="0.001" id="trunk:test://com.apple.xcode/Pods/NetworkInfrastructure-Unit-NetworkInfrastructureTests/MovieClientTests/testGetMovieAccountStateError">
        </testcase>
        <testcase name="testGetPopularMoviesError()" classname="MovieClientTests" timestamp="2024-09-30T19:08:06.915+00:00" time="0.002" id="trunk:test://com.apple.xcode/Pods/NetworkInfrastructure-Unit-NetworkInfrastructureTests/MovieClientTests/testGetPopularMoviesError">
        </testcase>
        <testcase name="testGetMovieDetailError()" classname="MovieClientTests" timestamp="2024-09-30T19:08:06.915+00:00" time="0.001" id="trunk:test://com.apple.xcode/Pods/NetworkInfrastructure-Unit-NetworkInfrastructureTests/MovieClientTests/testGetMovieDetailError">
        </testcase>
        <testcase name="testGetTopRatedMoviesSuccess()" classname="MovieClientTests" timestamp="2024-09-30T19:08:06.915+00:00" time="0.001" id="trunk:test://com.apple.xcode/Pods/NetworkInfrastructure-Unit-NetworkInfrastructureTests/MovieClientTests/testGetTopRatedMoviesSuccess">
        </testcase>
        <testcase name="testSearchMoviesError()" classname="MovieClientTests" timestamp="2024-09-30T19:08:06.915+00:00" time="0.002" id="trunk:test://com.apple.xcode/Pods/NetworkInfrastructure-Unit-NetworkInfrastructureTests/MovieClientTests/testSearchMoviesError">
        </testcase>
        <testcase name="testGetTopRatedMoviesError()" classname="MovieClientTests" timestamp="2024-09-30T19:08:06.915+00:00" time="0.004" id="trunk:test://com.apple.xcode/Pods/NetworkInfrastructure-Unit-NetworkInfrastructureTests/MovieClientTests/testGetTopRatedMoviesError">
        </testcase>
        <testcase name="testRateMovieSuccess()" classname="MovieClientTests" timestamp="2024-09-30T19:08:06.915+00:00" time="0.001" id="trunk:test://com.apple.xcode/Pods/NetworkInfrastructure-Unit-NetworkInfrastructureTests/MovieClientTests/testRateMovieSuccess">
        </testcase>
        <testcase name="testSearchMoviesSuccess()" classname="MovieClientTests" timestamp="2024-09-30T19:08:06.915+00:00" time="0.002" id="trunk:test://com.apple.xcode/Pods/NetworkInfrastructure-Unit-NetworkInfrastructureTests/MovieClientTests/testSearchMoviesSuccess">
        </testcase>
    </testsuite>
    <testsuite name="NetworkInfrastructure-Unit-NetworkInfrastructureTests.AuthRemoteDataSourceTests" tests="8" disabled="0" errors="0" failures="0">
        <testcase name="testCurrentUserId()" classname="AuthRemoteDataSourceTests" timestamp="2024-09-30T19:08:06.915+00:00" time="0.001" id="trunk:test://com.apple.xcode/Pods/NetworkInfrastructure-Unit-NetworkInfrastructureTests/AuthRemoteDataSourceTests/testCurrentUserId">
        </testcase>
        <testcase name="testGetAuthURLFailure()" classname="AuthRemoteDataSourceTests" timestamp="2024-09-30T19:08:06.915+00:00" time="0.001" id="trunk:test://com.apple.xcode/Pods/NetworkInfrastructure-Unit-NetworkInfrastructureTests/AuthRemoteDataSourceTests/testGetAuthURLFailure">
        </testcase>
        <testcase name="testSignInUserFailureInGetAccountDetails()" classname="AuthRemoteDataSourceTests" timestamp="2024-09-30T19:08:06.915+00:00" time="0.004" id="trunk:test://com.apple.xcode/Pods/NetworkInfrastructure-Unit-NetworkInfrastructureTests/AuthRemoteDataSourceTests/testSignInUserFailureInGetAccountDetails">
        </testcase>
        <testcase name="testSignInUserFailureInGetAccessToken()" classname="AuthRemoteDataSourceTests" timestamp="2024-09-30T19:08:06.915+00:00" time="0.001" id="trunk:test://com.apple.xcode/Pods/NetworkInfrastructure-Unit-NetworkInfrastructureTests/AuthRemoteDataSourceTests/testSignInUserFailureInGetAccessToken">
        </testcase>
        <testcase name="testSignOutUser()" classname="AuthRemoteDataSourceTests" timestamp="2024-09-30T19:08:06.915+00:00" time="0.001" id="trunk:test://com.apple.xcode/Pods/NetworkInfrastructure-Unit-NetworkInfrastructureTests/AuthRemoteDataSourceTests/testSignOutUser">
        </testcase>
        <testcase name="testSignInUserFailureInCreateSessionId()" classname="AuthRemoteDataSourceTests" timestamp="2024-09-30T19:08:06.915+00:00" time="0.001" id="trunk:test://com.apple.xcode/Pods/NetworkInfrastructure-Unit-NetworkInfrastructureTests/AuthRemoteDataSourceTests/testSignInUserFailureInCreateSessionId">
        </testcase>
        <testcase name="testSignInUserSuccess()" classname="AuthRemoteDataSourceTests" timestamp="2024-09-30T19:08:06.915+00:00" time="0.001" id="trunk:test://com.apple.xcode/Pods/NetworkInfrastructure-Unit-NetworkInfrastructureTests/AuthRemoteDataSourceTests/testSignInUserSuccess">
        </testcase>
        <testcase name="testGetAuthURLSuccess()" classname="AuthRemoteDataSourceTests" timestamp="2024-09-30T19:08:06.915+00:00" time="0.001" id="trunk:test://com.apple.xcode/Pods/NetworkInfrastructure-Unit-NetworkInfrastructureTests/AuthRemoteDataSourceTests/testGetAuthURLSuccess">
        </testcase>
    </testsuite>
    <testsuite name="NetworkInfrastructure-Unit-NetworkInfrastructureTests.MovieResultPaginationTests" tests="3" disabled="0" errors="0" failures="0">
        <testcase name="testMovieResultNextPage()" classname="MovieResultPaginationTests" timestamp="2024-09-30T19:08:06.915+00:00" time="0.001" id="trunk:test://com.apple.xcode/Pods/NetworkInfrastructure-Unit-NetworkInfrastructureTests/MovieResultPaginationTests/testMovieResultNextPage">
        </testcase>
        <testcase name="testMovieResultHasMorePagesFalse()" classname="MovieResultPaginationTests" timestamp="2024-09-30T19:08:06.915+00:00" time="0.001" id="trunk:test://com.apple.xcode/Pods/NetworkInfrastructure-Unit-NetworkInfrastructureTests/MovieResultPaginationTests/testMovieResultHasMorePagesFalse">
        </testcase>
        <testcase name="testMovieResultHasMorePagesTrue()" classname="MovieResultPaginationTests" timestamp="2024-09-30T19:08:06.915+00:00" time="0.000" id="trunk:test://com.apple.xcode/Pods/NetworkInfrastructure-Unit-NetworkInfrastructureTests/MovieResultPaginationTests/testMovieResultHasMorePagesTrue">
        </testcase>
    </testsuite>
    <testsuite name="NetworkInfrastructure-Unit-NetworkInfrastructureTests.MovieGenreTests" tests="4" disabled="0" errors="0" failures="0">
        <testcase name="testIdFromResponse()" classname="MovieGenreTests" timestamp="2024-09-30T19:08:06.915+00:00" time="0.001" id="trunk:test://com.apple.xcode/Pods/NetworkInfrastructure-Unit-NetworkInfrastructureTests/MovieGenreTests/testIdFromResponse">
        </testcase>
        <testcase name="testNameFromResponse()" classname="MovieGenreTests" timestamp="2024-09-30T19:08:06.915+00:00" time="0.001" id="trunk:test://com.apple.xcode/Pods/NetworkInfrastructure-Unit-NetworkInfrastructureTests/MovieGenreTests/testNameFromResponse">
        </testcase>
        <testcase name="testMissingIdFromResponse()" classname="MovieGenreTests" timestamp="2024-09-30T19:08:06.915+00:00" time="0.000" id="trunk:test://com.apple.xcode/Pods/NetworkInfrastructure-Unit-NetworkInfrastructureTests/MovieGenreTests/testMissingIdFromResponse">
        </testcase>
        <testcase name="testMissingNameFromResponse()" classname="MovieGenreTests" timestamp="2024-09-30T19:08:06.915+00:00" time="0.000" id="trunk:test://com.apple.xcode/Pods/NetworkInfrastructure-Unit-NetworkInfrastructureTests/MovieGenreTests/testMissingNameFromResponse">
        </testcase>
    </testsuite>
    <testsuite name="NetworkInfrastructure-Unit-NetworkInfrastructureTests.AccountRemoteDataSourceTests" tests="27" disabled="0" errors="0" failures="0">
        <testcase name="testGetCustomListMoviesSuccess()" classname="AccountRemoteDataSourceTests" timestamp="2024-09-30T19:08:06.915+00:00" time="0.002" id="trunk:test://com.apple.xcode/Pods/NetworkInfrastructure-Unit-NetworkInfrastructureTests/AccountRemoteDataSourceTests/testGetCustomListMoviesSuccess">
        </testcase>
        <testcase name="testGetCustomListMoviesNilAccessToken()" classname="AccountRemoteDataSourceTests" timestamp="2024-09-30T19:08:06.915+00:00" time="0.001" id="trunk:test://com.apple.xcode/Pods/NetworkInfrastructure-Unit-NetworkInfrastructureTests/AccountRemoteDataSourceTests/testGetCustomListMoviesNilAccessToken">
        </testcase>
        <testcase name="testGetRecommendedListSuccess()" classname="AccountRemoteDataSourceTests" timestamp="2024-09-30T19:08:06.915+00:00" time="0.001" id="trunk:test://com.apple.xcode/Pods/NetworkInfrastructure-Unit-NetworkInfrastructureTests/AccountRemoteDataSourceTests/testGetRecommendedListSuccess">
        </testcase>
        <testcase name="testGetFavoriteListNilUserAccount()" classname="AccountRemoteDataSourceTests" timestamp="2024-09-30T19:08:06.915+00:00" time="0.001" id="trunk:test://com.apple.xcode/Pods/NetworkInfrastructure-Unit-NetworkInfrastructureTests/AccountRemoteDataSourceTests/testGetFavoriteListNilUserAccount">
        </testcase>
        <testcase name="testAddToWatchlistNilUserAccount()" classname="AccountRemoteDataSourceTests" timestamp="2024-09-30T19:08:06.915+00:00" time="0.001" id="trunk:test://com.apple.xcode/Pods/NetworkInfrastructure-Unit-NetworkInfrastructureTests/AccountRemoteDataSourceTests/testAddToWatchlistNilUserAccount">
        </testcase>
        <testcase name="testGetRecommendedListFailure()" classname="AccountRemoteDataSourceTests" timestamp="2024-09-30T19:08:06.915+00:00" time="0.001" id="trunk:test://com.apple.xcode/Pods/NetworkInfrastructure-Unit-NetworkInfrastructureTests/AccountRemoteDataSourceTests/testGetRecommendedListFailure">
        </testcase>
        <testcase name="testGetFavoriteListFailure()" classname="AccountRemoteDataSourceTests" timestamp="2024-09-30T19:08:06.915+00:00" time="0.001" id="trunk:test://com.apple.xcode/Pods/NetworkInfrastructure-Unit-NetworkInfrastructureTests/AccountRemoteDataSourceTests/testGetFavoriteListFailure">
        </testcase>
        <testcase name="testAddToWatchlistFailure()" classname="AccountRemoteDataSourceTests" timestamp="2024-09-30T19:08:06.915+00:00" time="0.001" id="trunk:test://com.apple.xcode/Pods/NetworkInfrastructure-Unit-NetworkInfrastructureTests/AccountRemoteDataSourceTests/testAddToWatchlistFailure">
        </testcase>
        <testcase name="testGetFavoriteListSuccess()" classname="AccountRemoteDataSourceTests" timestamp="2024-09-30T19:08:06.915+00:00" time="0.001" id="trunk:test://com.apple.xcode/Pods/NetworkInfrastructure-Unit-NetworkInfrastructureTests/AccountRemoteDataSourceTests/testGetFavoriteListSuccess">
        </testcase>
        <testcase name="testGetAccountDetailNilUserAccount()" classname="AccountRemoteDataSourceTests" timestamp="2024-09-30T19:08:06.915+00:00" time="0.000" id="trunk:test://com.apple.xcode/Pods/NetworkInfrastructure-Unit-NetworkInfrastructureTests/AccountRemoteDataSourceTests/testGetAccountDetailNilUserAccount">
        </testcase>
        <testcase name="testMarkMovieAsFavoriteNilUserAccount()" classname="AccountRemoteDataSourceTests" timestamp="2024-09-30T19:08:06.915+00:00" time="0.000" id="trunk:test://com.apple.xcode/Pods/NetworkInfrastructure-Unit-NetworkInfrastructureTests/AccountRemoteDataSourceTests/testMarkMovieAsFavoriteNilUserAccount">
        </testcase>
        <testcase name="testGetCustomListMoviesNilListResult()" classname="AccountRemoteDataSourceTests" timestamp="2024-09-30T19:08:06.915+00:00" time="0.000" id="trunk:test://com.apple.xcode/Pods/NetworkInfrastructure-Unit-NetworkInfrastructureTests/AccountRemoteDataSourceTests/testGetCustomListMoviesNilListResult">
        </testcase>
        <testcase name="testMarkMovieAsFavoriteSuccess()" classname="AccountRemoteDataSourceTests" timestamp="2024-09-30T19:08:06.915+00:00" time="0.001" id="trunk:test://com.apple.xcode/Pods/NetworkInfrastructure-Unit-NetworkInfrastructureTests/AccountRemoteDataSourceTests/testMarkMovieAsFavoriteSuccess">
        </testcase>
        <testcase name="testGetAccountDetailSuccess()" classname="AccountRemoteDataSourceTests" timestamp="2024-09-30T19:08:06.915+00:00" time="0.000" id="trunk:test://com.apple.xcode/Pods/NetworkInfrastructure-Unit-NetworkInfrastructureTests/AccountRemoteDataSourceTests/testGetAccountDetailSuccess">
        </testcase>
        <testcase name="testGetCustomListsSuccess()" classname="AccountRemoteDataSourceTests" timestamp="2024-09-30T19:08:06.915+00:00" time="0.001" id="trunk:test://com.apple.xcode/Pods/NetworkInfrastructure-Unit-NetworkInfrastructureTests/AccountRemoteDataSourceTests/testGetCustomListsSuccess">
        </testcase>
        <testcase name="testGetCustomListMoviesFailure()" classname="AccountRemoteDataSourceTests" timestamp="2024-09-30T19:08:06.915+00:00" time="0.004" id="trunk:test://com.apple.xcode/Pods/NetworkInfrastructure-Unit-NetworkInfrastructureTests/AccountRemoteDataSourceTests/testGetCustomListMoviesFailure">
        </testcase>
        <testcase name="testGetAccountDetailFailure()" classname="AccountRemoteDataSourceTests" timestamp="2024-09-30T19:08:06.915+00:00" time="0.001" id="trunk:test://com.apple.xcode/Pods/NetworkInfrastructure-Unit-NetworkInfrastructureTests/AccountRemoteDataSourceTests/testGetAccountDetailFailure">
        </testcase>
        <testcase name="testGetWatchlistFailure()" classname="AccountRemoteDataSourceTests" timestamp="2024-09-30T19:08:06.915+00:00" time="0.001" id="trunk:test://com.apple.xcode/Pods/NetworkInfrastructure-Unit-NetworkInfrastructureTests/AccountRemoteDataSourceTests/testGetWatchlistFailure">
        </testcase>
        <testcase name="testMarkMovieAsFavoriteFailure()" classname="AccountRemoteDataSourceTests" timestamp="2024-09-30T19:08:06.915+00:00" time="0.001" id="trunk:test://com.apple.xcode/Pods/NetworkInfrastructure-Unit-NetworkInfrastructureTests/AccountRemoteDataSourceTests/testMarkMovieAsFavoriteFailure">
        </testcase>
        <testcase name="testGetWatchlistNilUserAccount()" classname="AccountRemoteDataSourceTests" timestamp="2024-09-30T19:08:06.915+00:00" time="0.000" id="trunk:test://com.apple.xcode/Pods/NetworkInfrastructure-Unit-NetworkInfrastructureTests/AccountRemoteDataSourceTests/testGetWatchlistNilUserAccount">
        </testcase>
        <testcase name="testAddToWatchlistSuccess()" classname="AccountRemoteDataSourceTests" timestamp="2024-09-30T19:08:06.915+00:00" time="0.000" id="trunk:test://com.apple.xcode/Pods/NetworkInfrastructure-Unit-NetworkInfrastructureTests/AccountRemoteDataSourceTests/testAddToWatchlistSuccess">
        </testcase>
        <testcase name="testGetCustomListFailure()" classname="AccountRemoteDataSourceTests" timestamp="2024-09-30T19:08:06.915+00:00" time="0.001" id="trunk:test://com.apple.xcode/Pods/NetworkInfrastructure-Unit-NetworkInfrastructureTests/AccountRemoteDataSourceTests/testGetCustomListFailure">
        </testcase>
        <testcase name="testGetRecommendedListNilAccountIdAndToken()" classname="AccountRemoteDataSourceTests" timestamp="2024-09-30T19:08:06.915+00:00" time="0.000" id="trunk:test://com.apple.xcode/Pods/NetworkInfrastructure-Unit-NetworkInfrastructureTests/AccountRemoteDataSourceTests/testGetRecommendedListNilAccountIdAndToken">
        </testcase>
        <testcase name="testGetCustomListNilAccountIdAndToken()" classname="AccountRemoteDataSourceTests" timestamp="2024-09-30T19:08:06.915+00:00" time="0.001" id="trunk:test://com.apple.xcode/Pods/NetworkInfrastructure-Unit-NetworkInfrastructureTests/AccountRemoteDataSourceTests/testGetCustomListNilAccountIdAndToken">
        </testcase>
        <testcase name="testGetCustomListNilListResult()" classname="AccountRemoteDataSourceTests" timestamp="2024-09-30T19:08:06.915+00:00" time="0.000" id="trunk:test://com.apple.xcode/Pods/NetworkInfrastructure-Unit-NetworkInfrastructureTests/AccountRemoteDataSourceTests/testGetCustomListNilListResult">
        </testcase>
        <testcase name="testGetWatchlistSuccess()" classname="AccountRemoteDataSourceTests" timestamp="2024-09-30T19:08:06.915+00:00" time="0.001" id="trunk:test://com.apple.xcode/Pods/NetworkInfrastructure-Unit-NetworkInfrastructureTests/AccountRemoteDataSourceTests/testGetWatchlistSuccess">
        </testcase>
        <testcase name="testGetRecommendedListNilListResult()" classname="AccountRemoteDataSourceTests" timestamp="2024-09-30T19:08:06.915+00:00" time="0.003" id="trunk:test://com.apple.xcode/Pods/NetworkInfrastructure-Unit-NetworkInfrastructureTests/AccountRemoteDataSourceTests/testGetRecommendedListNilListResult">
        </testcase>
    </testsuite>
    <testsuite name="NetworkInfrastructure-Unit-NetworkInfrastructureTests.SessionTests" tests="4" disabled="0" errors="0" failures="0">
        <testcase name="testMissingSessionIdFromDResponse()" classname="SessionTests" timestamp="2024-09-30T19:08:06.915+00:00" time="0.000" id="trunk:test://com.apple.xcode/Pods/NetworkInfrastructure-Unit-NetworkInfrastructureTests/SessionTests/testMissingSessionIdFromDResponse">
        </testcase>
        <testcase name="testMissingSuccessFromResponse()" classname="SessionTests" timestamp="2024-09-30T19:08:06.915+00:00" time="0.001" id="trunk:test://com.apple.xcode/Pods/NetworkInfrastructure-Unit-NetworkInfrastructureTests/SessionTests/testMissingSuccessFromResponse">
        </testcase>
        <testcase name="testSuccessFromResponse()" classname="SessionTests" timestamp="2024-09-30T19:08:06.915+00:00" time="0.000" id="trunk:test://com.apple.xcode/Pods/NetworkInfrastructure-Unit-NetworkInfrastructureTests/SessionTests/testSuccessFromResponse">
        </testcase>
        <testcase name="testSessionIdFromResponse()" classname="SessionTests" timestamp="2024-09-30T19:08:06.915+00:00" time="0.001" id="trunk:test://com.apple.xcode/Pods/NetworkInfrastructure-Unit-NetworkInfrastructureTests/SessionTests/testSessionIdFromResponse">
        </testcase>
    </testsuite>
    <testsuite name="NetworkInfrastructure-Unit-NetworkInfrastructureTests.MovieSortTypeTests" tests="4" disabled="0" errors="0" failures="0">
        <testcase name="testWatchlistSortTypeCallAsFunctionCreatedAtDesc()" classname="MovieSortTypeTests" timestamp="2024-09-30T19:08:06.915+00:00" time="0.001" id="trunk:test://com.apple.xcode/Pods/NetworkInfrastructure-Unit-NetworkInfrastructureTests/MovieSortTypeTests/testWatchlistSortTypeCallAsFunctionCreatedAtDesc">
        </testcase>
        <testcase name="testWatchlistSortTypeCallAsFunctionCreatedAtAsc()" classname="MovieSortTypeTests" timestamp="2024-09-30T19:08:06.915+00:00" time="0.001" id="trunk:test://com.apple.xcode/Pods/NetworkInfrastructure-Unit-NetworkInfrastructureTests/MovieSortTypeTests/testWatchlistSortTypeCallAsFunctionCreatedAtAsc">
        </testcase>
        <testcase name="testFavoriteSortTypeCallAsFunctionCreatedAtDesc()" classname="MovieSortTypeTests" timestamp="2024-09-30T19:08:06.915+00:00" time="0.001" id="trunk:test://com.apple.xcode/Pods/NetworkInfrastructure-Unit-NetworkInfrastructureTests/MovieSortTypeTests/testFavoriteSortTypeCallAsFunctionCreatedAtDesc">
        </testcase>
        <testcase name="testFavoriteSortTypeCallAsFunctionCreatedAtAsc()" classname="MovieSortTypeTests" timestamp="2024-09-30T19:08:06.915+00:00" time="0.000" id="trunk:test://com.apple.xcode/Pods/NetworkInfrastructure-Unit-NetworkInfrastructureTests/MovieSortTypeTests/testFavoriteSortTypeCallAsFunctionCreatedAtAsc">
        </testcase>
    </testsuite>
    <testsuite name="NetworkInfrastructure-Unit-NetworkInfrastructureTests.AddToWatchlistTests" tests="4" disabled="0" errors="0" failures="0">
        <testcase name="testMissingStatusMessageFromResponse()" classname="AddToWatchlistTests" timestamp="2024-09-30T19:08:06.915+00:00" time="0.001" id="trunk:test://com.apple.xcode/Pods/NetworkInfrastructure-Unit-NetworkInfrastructureTests/AddToWatchlistTests/testMissingStatusMessageFromResponse">
        </testcase>
        <testcase name="testStatusCodeFromResponse()" classname="AddToWatchlistTests" timestamp="2024-09-30T19:08:06.915+00:00" time="0.000" id="trunk:test://com.apple.xcode/Pods/NetworkInfrastructure-Unit-NetworkInfrastructureTests/AddToWatchlistTests/testStatusCodeFromResponse">
        </testcase>
        <testcase name="testStatusMessageFromResponse()" classname="AddToWatchlistTests" timestamp="2024-09-30T19:08:06.915+00:00" time="0.000" id="trunk:test://com.apple.xcode/Pods/NetworkInfrastructure-Unit-NetworkInfrastructureTests/AddToWatchlistTests/testStatusMessageFromResponse">
        </testcase>
        <testcase name="testMissingStatusCodeFromResponse()" classname="AddToWatchlistTests" timestamp="2024-09-30T19:08:06.915+00:00" time="0.000" id="trunk:test://com.apple.xcode/Pods/NetworkInfrastructure-Unit-NetworkInfrastructureTests/AddToWatchlistTests/testMissingStatusCodeFromResponse">
        </testcase>
    </testsuite>
    <testsuite name="NetworkInfrastructure-Unit-NetworkInfrastructureTests.AccessTokenTests" tests="4" disabled="0" errors="0" failures="0">
        <testcase name="testMissingAccounIdFromResponse()" classname="AccessTokenTests" timestamp="2024-09-30T19:08:06.915+00:00" time="0.000" id="trunk:test://com.apple.xcode/Pods/NetworkInfrastructure-Unit-NetworkInfrastructureTests/AccessTokenTests/testMissingAccounIdFromResponse">
        </testcase>
        <testcase name="testMissingTokenFromResponse()" classname="AccessTokenTests" timestamp="2024-09-30T19:08:06.915+00:00" time="0.001" id="trunk:test://com.apple.xcode/Pods/NetworkInfrastructure-Unit-NetworkInfrastructureTests/AccessTokenTests/testMissingTokenFromResponse">
        </testcase>
        <testcase name="testAccounIdFromResponse()" classname="AccessTokenTests" timestamp="2024-09-30T19:08:06.915+00:00" time="0.001" id="trunk:test://com.apple.xcode/Pods/NetworkInfrastructure-Unit-NetworkInfrastructureTests/AccessTokenTests/testAccounIdFromResponse">
        </testcase>
        <testcase name="testTokenFromResponse()" classname="AccessTokenTests" timestamp="2024-09-30T19:08:06.915+00:00" time="0.000" id="trunk:test://com.apple.xcode/Pods/NetworkInfrastructure-Unit-NetworkInfrastructureTests/AccessTokenTests/testTokenFromResponse">
        </testcase>
    </testsuite>
    <testsuite name="NetworkInfrastructure-Unit-NetworkInfrastructureTests.AccountClientTests" tests="16" disabled="0" errors="0" failures="0">
        <testcase name="testGetWatchlistError()" classname="AccountClientTests" timestamp="2024-09-30T19:08:06.915+00:00" time="0.001" id="trunk:test://com.apple.xcode/Pods/NetworkInfrastructure-Unit-NetworkInfrastructureTests/AccountClientTests/testGetWatchlistError">
        </testcase>
        <testcase name="testGetWatchlistSuccess()" classname="AccountClientTests" timestamp="2024-09-30T19:08:06.915+00:00" time="0.001" id="trunk:test://com.apple.xcode/Pods/NetworkInfrastructure-Unit-NetworkInfrastructureTests/AccountClientTests/testGetWatchlistSuccess">
        </testcase>
        <testcase name="testGetCustomListMoviesError()" classname="AccountClientTests" timestamp="2024-09-30T19:08:06.915+00:00" time="0.005" id="trunk:test://com.apple.xcode/Pods/NetworkInfrastructure-Unit-NetworkInfrastructureTests/AccountClientTests/testGetCustomListMoviesError">
        </testcase>
        <testcase name="testGetCustomListMoviesSuccess()" classname="AccountClientTests" timestamp="2024-09-30T19:08:06.915+00:00" time="0.001" id="trunk:test://com.apple.xcode/Pods/NetworkInfrastructure-Unit-NetworkInfrastructureTests/AccountClientTests/testGetCustomListMoviesSuccess">
        </testcase>
        <testcase name="testGetCustomListsError()" classname="AccountClientTests" timestamp="2024-09-30T19:08:06.915+00:00" time="0.001" id="trunk:test://com.apple.xcode/Pods/NetworkInfrastructure-Unit-NetworkInfrastructureTests/AccountClientTests/testGetCustomListsError">
        </testcase>
        <testcase name="testAddToWatchlistError()" classname="AccountClientTests" timestamp="2024-09-30T19:08:06.915+00:00" time="0.001" id="trunk:test://com.apple.xcode/Pods/NetworkInfrastructure-Unit-NetworkInfrastructureTests/AccountClientTests/testAddToWatchlistError">
        </testcase>
        <testcase name="testGetCustomListsSuccess()" classname="AccountClientTests" timestamp="2024-09-30T19:08:06.915+00:00" time="0.004" id="trunk:test://com.apple.xcode/Pods/NetworkInfrastructure-Unit-NetworkInfrastructureTests/AccountClientTests/testGetCustomListsSuccess">
        </testcase>
        <testcase name="testMarkAsFavoriteError()" classname="AccountClientTests" timestamp="2024-09-30T19:08:06.915+00:00" time="0.001" id="trunk:test://com.apple.xcode/Pods/NetworkInfrastructure-Unit-NetworkInfrastructureTests/AccountClientTests/testMarkAsFavoriteError">
        </testcase>
        <testcase name="testGetAccountDetailSuccess()" classname="AccountClientTests" timestamp="2024-09-30T19:08:06.915+00:00" time="0.001" id="trunk:test://com.apple.xcode/Pods/NetworkInfrastructure-Unit-NetworkInfrastructureTests/AccountClientTests/testGetAccountDetailSuccess">
        </testcase>
        <testcase name="testGetFavoriteListSuccess()" classname="AccountClientTests" timestamp="2024-09-30T19:08:06.915+00:00" time="0.001" id="trunk:test://com.apple.xcode/Pods/NetworkInfrastructure-Unit-NetworkInfrastructureTests/AccountClientTests/testGetFavoriteListSuccess">
        </testcase>
        <testcase name="testGetFavoriteListError()" classname="AccountClientTests" timestamp="2024-09-30T19:08:06.915+00:00" time="0.002" id="trunk:test://com.apple.xcode/Pods/NetworkInfrastructure-Unit-NetworkInfrastructureTests/AccountClientTests/testGetFavoriteListError">
        </testcase>
        <testcase name="testGetAccountDetailError()" classname="AccountClientTests" timestamp="2024-09-30T19:08:06.915+00:00" time="0.001" id="trunk:test://com.apple.xcode/Pods/NetworkInfrastructure-Unit-NetworkInfrastructureTests/AccountClientTests/testGetAccountDetailError">
        </testcase>
        <testcase name="testAddToWatchlistSuccess()" classname="AccountClientTests" timestamp="2024-09-30T19:08:06.915+00:00" time="0.001" id="trunk:test://com.apple.xcode/Pods/NetworkInfrastructure-Unit-NetworkInfrastructureTests/AccountClientTests/testAddToWatchlistSuccess">
        </testcase>
        <testcase name="testMarkAsFavoriteSuccess()" classname="AccountClientTests" timestamp="2024-09-30T19:08:06.915+00:00" time="0.001" id="trunk:test://com.apple.xcode/Pods/NetworkInfrastructure-Unit-NetworkInfrastructureTests/AccountClientTests/testMarkAsFavoriteSuccess">
        </testcase>
        <testcase name="testGetRecommendedListSuccess()" classname="AccountClientTests" timestamp="2024-09-30T19:08:06.915+00:00" time="0.001" id="trunk:test://com.apple.xcode/Pods/NetworkInfrastructure-Unit-NetworkInfrastructureTests/AccountClientTests/testGetRecommendedListSuccess">
        </testcase>
        <testcase name="testGetRecommendedListError()" classname="AccountClientTests" timestamp="2024-09-30T19:08:06.915+00:00" time="0.001" id="trunk:test://com.apple.xcode/Pods/NetworkInfrastructure-Unit-NetworkInfrastructureTests/AccountClientTests/testGetRecommendedListError">
        </testcase>
    </testsuite>
    <testsuite name="UpcomingMoviesData-Unit-UpcomingMoviesDataTests.MovieVisitRepositoryTests" tests="2" disabled="0" errors="0" failures="0">
        <testcase name="testSaveMovieVisits()" classname="MovieVisitRepositoryTests" timestamp="2024-09-30T19:08:06.915+00:00" time="0.002" id="trunk:test://com.apple.xcode/Pods/UpcomingMoviesData-Unit-UpcomingMoviesDataTests/MovieVisitRepositoryTests/testSaveMovieVisits">
        </testcase>
        <testcase name="testGetMovieVisits()" classname="MovieVisitRepositoryTests" timestamp="2024-09-30T19:08:06.915+00:00" time="0.001" id="trunk:test://com.apple.xcode/Pods/UpcomingMoviesData-Unit-UpcomingMoviesDataTests/MovieVisitRepositoryTests/testGetMovieVisits">
        </testcase>
    </testsuite>
    <testsuite name="UpcomingMoviesData-Unit-UpcomingMoviesDataTests.ConfigurationRepositoryTests" tests="1" disabled="0" errors="0" failures="0">
        <testcase name="testGetConfiguration()" classname="ConfigurationRepositoryTests" timestamp="2024-09-30T19:08:06.915+00:00" time="0.001" id="trunk:test://com.apple.xcode/Pods/UpcomingMoviesData-Unit-UpcomingMoviesDataTests/ConfigurationRepositoryTests/testGetConfiguration">
        </testcase>
    </testsuite>
    <testsuite name="UpcomingMoviesData-Unit-UpcomingMoviesDataTests.MovieSearchRepositoryTests" tests="2" disabled="0" errors="0" failures="0">
        <testcase name="testSaveSearchTextCalled()" classname="MovieSearchRepositoryTests" timestamp="2024-09-30T19:08:06.915+00:00" time="0.000" id="trunk:test://com.apple.xcode/Pods/UpcomingMoviesData-Unit-UpcomingMoviesDataTests/MovieSearchRepositoryTests/testSaveSearchTextCalled">
        </testcase>
        <testcase name="testGetMovieSearches()" classname="MovieSearchRepositoryTests" timestamp="2024-09-30T19:08:06.915+00:00" time="0.000" id="trunk:test://com.apple.xcode/Pods/UpcomingMoviesData-Unit-UpcomingMoviesDataTests/MovieSearchRepositoryTests/testGetMovieSearches">
        </testcase>
    </testsuite>
    <testsuite name="UpcomingMoviesData-Unit-UpcomingMoviesDataTests.UserRepositoryTests" tests="2" disabled="0" errors="0" failures="0">
        <testcase name="testFindUserCalled()" classname="UserRepositoryTests" timestamp="2024-09-30T19:08:06.915+00:00" time="0.000" id="trunk:test://com.apple.xcode/Pods/UpcomingMoviesData-Unit-UpcomingMoviesDataTests/UserRepositoryTests/testFindUserCalled">
        </testcase>
        <testcase name="testSaveUserCalled()" classname="UserRepositoryTests" timestamp="2024-09-30T19:08:06.915+00:00" time="0.000" id="trunk:test://com.apple.xcode/Pods/UpcomingMoviesData-Unit-UpcomingMoviesDataTests/UserRepositoryTests/testSaveUserCalled">
        </testcase>
    </testsuite>
    <testsuite name="UpcomingMoviesDomain-Unit-UpcomingMoviesDomainTests.UpcomingMoviesDomainTests" tests="2" disabled="0" errors="0" failures="0">
        <testcase name="testPerformanceExample()" classname="UpcomingMoviesDomainTests" timestamp="2024-09-30T19:08:06.915+00:00" time="0.400" id="trunk:test://com.apple.xcode/Pods/UpcomingMoviesDomain-Unit-UpcomingMoviesDomainTests/UpcomingMoviesDomainTests/testPerformanceExample">
        </testcase>
        <testcase name="testExample()" classname="UpcomingMoviesDomainTests" timestamp="2024-09-30T19:08:06.915+00:00" time="0.000" id="trunk:test://com.apple.xcode/Pods/UpcomingMoviesDomain-Unit-UpcomingMoviesDomainTests/UpcomingMoviesDomainTests/testExample">
        </testcase>
    </testsuite>
    <testsuite name="UpcomingMoviesTests.CastModelTests" tests="1" disabled="1" errors="0" failures="0">
        <testcase name="testInitWithCast()" classname="CastModelTests" timestamp="2024-09-30T19:08:06.915+00:00" time="0.003" id="trunk:test://com.apple.xcode/UpcomingMovies/UpcomingMoviesTests/CastModelTests/testInitWithCast">
            <skipped/>
        </testcase>
    </testsuite>
    <testsuite name="UpcomingMoviesTests.SavedMovieCellViewModelTests" tests="2" disabled="0" errors="0" failures="0">
        <testcase name="testBackdropURL()" classname="SavedMovieCellViewModelTests" timestamp="2024-09-30T19:08:06.915+00:00" time="0.001" id="trunk:test://com.apple.xcode/UpcomingMovies/UpcomingMoviesTests/SavedMovieCellViewModelTests/testBackdropURL">
        </testcase>
        <testcase name="testTitle()" classname="SavedMovieCellViewModelTests" timestamp="2024-09-30T19:08:06.915+00:00" time="0.000" id="trunk:test://com.apple.xcode/UpcomingMovies/UpcomingMoviesTests/SavedMovieCellViewModelTests/testTitle">
        </testcase>
    </testsuite>
    <testsuite name="UpcomingMoviesTests.ProfileInteractorTests" tests="3" disabled="0" errors="0" failures="0">
        <testcase name="testGetAccountDetailError()" classname="ProfileInteractorTests" timestamp="2024-09-30T19:08:06.915+00:00" time="0.000" id="trunk:test://com.apple.xcode/UpcomingMovies/UpcomingMoviesTests/ProfileInteractorTests/testGetAccountDetailError">
        </testcase>
        <testcase name="testGetAccountDetailSuccess()" classname="ProfileInteractorTests" timestamp="2024-09-30T19:08:06.915+00:00" time="0.000" id="trunk:test://com.apple.xcode/UpcomingMovies/UpcomingMoviesTests/ProfileInteractorTests/testGetAccountDetailSuccess">
        </testcase>
        <testcase name="testSignOutUser()" classname="ProfileInteractorTests" timestamp="2024-09-30T19:08:06.915+00:00" time="0.000" id="trunk:test://com.apple.xcode/UpcomingMovies/UpcomingMoviesTests/ProfileInteractorTests/testSignOutUser">
        </testcase>
    </testsuite>
    <testsuite name="UpcomingMoviesTests.AuthPermissionCoordinatorTests" tests="2" disabled="0" errors="0" failures="0">
        <testcase name="testDidDismiss()" classname="AuthPermissionCoordinatorTests" timestamp="2024-09-30T19:08:06.915+00:00" time="0.001" id="trunk:test://com.apple.xcode/UpcomingMovies/UpcomingMoviesTests/AuthPermissionCoordinatorTests/testDidDismiss">
        </testcase>
        <testcase name="testBuild()" classname="AuthPermissionCoordinatorTests" timestamp="2024-09-30T19:08:06.915+00:00" time="0.004" id="trunk:test://com.apple.xcode/UpcomingMovies/UpcomingMoviesTests/AuthPermissionCoordinatorTests/testBuild">
        </testcase>
    </testsuite>
    <testsuite name="UpcomingMoviesTests.SearchMoviesResultViewModelTests" tests="2" disabled="0" errors="0" failures="0">
        <testcase name="testShareTitle()" classname="SearchMoviesResultViewModelTests" timestamp="2024-09-30T19:08:06.915+00:00" time="0.000" id="trunk:test://com.apple.xcode/UpcomingMovies/UpcomingMoviesTests/SearchMoviesResultViewModelTests/testShareTitle">
        </testcase>
        <testcase name="testEmptySearchResultsTitle()" classname="SearchMoviesResultViewModelTests" timestamp="2024-09-30T19:08:06.915+00:00" time="0.000" id="trunk:test://com.apple.xcode/UpcomingMovies/UpcomingMoviesTests/SearchMoviesResultViewModelTests/testEmptySearchResultsTitle">
        </testcase>
    </testsuite>
    <testsuite name="UpcomingMoviesTests.ProfileViewControllerTests" tests="12" disabled="0" errors="0" failures="0">
        <testcase name="testDidSelectRowAtRecommendedSection()" classname="ProfileViewControllerTests" timestamp="2024-09-30T19:08:06.915+00:00" time="0.005" id="trunk:test://com.apple.xcode/UpcomingMovies/UpcomingMoviesTests/ProfileViewControllerTests/testDidSelectRowAtRecommendedSection">
        </testcase>
        <testcase name="testHeightForRowAtCollectionsSection()" classname="ProfileViewControllerTests" timestamp="2024-09-30T19:08:06.915+00:00" time="0.002" id="trunk:test://com.apple.xcode/UpcomingMovies/UpcomingMoviesTests/ProfileViewControllerTests/testHeightForRowAtCollectionsSection">
        </testcase>
        <testcase name="testDidSelectRowAtCustomListsSection()" classname="ProfileViewControllerTests" timestamp="2024-09-30T19:08:06.915+00:00" time="0.001" id="trunk:test://com.apple.xcode/UpcomingMovies/UpcomingMoviesTests/ProfileViewControllerTests/testDidSelectRowAtCustomListsSection">
        </testcase>
        <testcase name="testHeightForRowWithoutViewModel()" classname="ProfileViewControllerTests" timestamp="2024-09-30T19:08:06.915+00:00" time="0.001" id="trunk:test://com.apple.xcode/UpcomingMovies/UpcomingMoviesTests/ProfileViewControllerTests/testHeightForRowWithoutViewModel">
        </testcase>
        <testcase name="testHeightForRowAtCustomListsSection()" classname="ProfileViewControllerTests" timestamp="2024-09-30T19:08:06.915+00:00" time="0.001" id="trunk:test://com.apple.xcode/UpcomingMovies/UpcomingMoviesTests/ProfileViewControllerTests/testHeightForRowAtCustomListsSection">
        </testcase>
        <testcase name="testDidUpdateAuthenticationState()" classname="ProfileViewControllerTests" timestamp="2024-09-30T19:08:06.915+00:00" time="1.000" id="trunk:test://com.apple.xcode/UpcomingMovies/UpcomingMoviesTests/ProfileViewControllerTests/testDidUpdateAuthenticationState">
        </testcase>
        <testcase name="testDidSelectRowAtSignOutSection()" classname="ProfileViewControllerTests" timestamp="2024-09-30T19:08:06.915+00:00" time="0.004" id="trunk:test://com.apple.xcode/UpcomingMovies/UpcomingMoviesTests/ProfileViewControllerTests/testDidSelectRowAtSignOutSection">
        </testcase>
        <testcase name="testDidSelectRowAtCollectionsSection()" classname="ProfileViewControllerTests" timestamp="2024-09-30T19:08:06.915+00:00" time="0.002" id="trunk:test://com.apple.xcode/UpcomingMovies/UpcomingMoviesTests/ProfileViewControllerTests/testDidSelectRowAtCollectionsSection">
        </testcase>
        <testcase name="testHeightForRowAtRecommendedSection()" classname="ProfileViewControllerTests" timestamp="2024-09-30T19:08:06.915+00:00" time="0.001" id="trunk:test://com.apple.xcode/UpcomingMovies/UpcomingMoviesTests/ProfileViewControllerTests/testHeightForRowAtRecommendedSection">
        </testcase>
        <testcase name="testHeightForRowAtSignOutSection()" classname="ProfileViewControllerTests" timestamp="2024-09-30T19:08:06.915+00:00" time="0.001" id="trunk:test://com.apple.xcode/UpcomingMovies/UpcomingMoviesTests/ProfileViewControllerTests/testHeightForRowAtSignOutSection">
        </testcase>
        <testcase name="testDidSelectRowAtAccountInfoSection()" classname="ProfileViewControllerTests" timestamp="2024-09-30T19:08:06.915+00:00" time="0.001" id="trunk:test://com.apple.xcode/UpcomingMovies/UpcomingMoviesTests/ProfileViewControllerTests/testDidSelectRowAtAccountInfoSection">
        </testcase>
        <testcase name="testHeightForRowAtAccountInfoSection()" classname="ProfileViewControllerTests" timestamp="2024-09-30T19:08:06.915+00:00" time="0.001" id="trunk:test://com.apple.xcode/UpcomingMovies/UpcomingMoviesTests/ProfileViewControllerTests/testHeightForRowAtAccountInfoSection">
        </testcase>
    </testsuite>
    <testsuite name="UpcomingMoviesTests.MovieDetailTitleRenderContentTests" tests="4" disabled="0" errors="0" failures="0">
        <testcase name="testReleaseDate()" classname="MovieDetailTitleRenderContentTests" timestamp="2024-09-30T19:08:06.915+00:00" time="0.000" id="trunk:test://com.apple.xcode/UpcomingMovies/UpcomingMoviesTests/MovieDetailTitleRenderContentTests/testReleaseDate">
        </testcase>
        <testcase name="testTitle()" classname="MovieDetailTitleRenderContentTests" timestamp="2024-09-30T19:08:06.915+00:00" time="0.000" id="trunk:test://com.apple.xcode/UpcomingMovies/UpcomingMoviesTests/MovieDetailTitleRenderContentTests/testTitle">
        </testcase>
        <testcase name="testVoteAverage()" classname="MovieDetailTitleRenderContentTests" timestamp="2024-09-30T19:08:06.915+00:00" time="0.000" id="trunk:test://com.apple.xcode/UpcomingMovies/UpcomingMoviesTests/MovieDetailTitleRenderContentTests/testVoteAverage">
        </testcase>
        <testcase name="testGenreIds()" classname="MovieDetailTitleRenderContentTests" timestamp="2024-09-30T19:08:06.915+00:00" time="0.000" id="trunk:test://com.apple.xcode/UpcomingMovies/UpcomingMoviesTests/MovieDetailTitleRenderContentTests/testGenreIds">
        </testcase>
    </testsuite>
    <testsuite name="UpcomingMoviesTests.FavoritesSavedMoviesInteractorTests" tests="1" disabled="0" errors="0" failures="0">
        <testcase name="testGetFavoriteListCalled()" classname="FavoritesSavedMoviesInteractorTests" timestamp="2024-09-30T19:08:06.915+00:00" time="0.001" id="trunk:test://com.apple.xcode/UpcomingMovies/UpcomingMoviesTests/FavoritesSavedMoviesInteractorTests/testGetFavoriteListCalled">
        </testcase>
    </testsuite>
    <testsuite name="UpcomingMoviesTests.RecommendedMoviesCoordinatorTests" tests="1" disabled="0" errors="0" failures="0">
        <testcase name="testBuild()" classname="RecommendedMoviesCoordinatorTests" timestamp="2024-09-30T19:08:06.915+00:00" time="0.004" id="trunk:test://com.apple.xcode/UpcomingMovies/UpcomingMoviesTests/RecommendedMoviesCoordinatorTests/testBuild">
        </testcase>
    </testsuite>
    <testsuite name="UpcomingMoviesTests.MovieCreditsCoordinatorTests" tests="1" disabled="0" errors="0" failures="0">
        <testcase name="testBuild()" classname="MovieCreditsCoordinatorTests" timestamp="2024-09-30T19:08:06.915+00:00" time="0.003" id="trunk:test://com.apple.xcode/UpcomingMovies/UpcomingMoviesTests/MovieCreditsCoordinatorTests/testBuild">
        </testcase>
    </testsuite>
    <testsuite name="UpcomingMoviesTests.MovieSearchModelTests" tests="1" disabled="0" errors="0" failures="1">
        <testcase name="testInitWithMovieSearch()" classname="MovieSearchModelTests" timestamp="2024-09-30T19:08:06.915+00:00" time="0.011" id="trunk:test://com.apple.xcode/UpcomingMovies/UpcomingMoviesTests/MovieSearchModelTests/testInitWithMovieSearch" file="/Users/work/src/iOS-example/UpcomingMoviesTests/MovieSearchModelTests.swift">
            <failure message="MovieSearchModelTests.swift:21: XCTAssertEqual failed: (&quot;12345&quot;) is not equal to (&quot;12346&quot;)"/>
        </testcase>
    </testsuite>
    <testsuite name="UpcomingMoviesTests.PopularMoviesCoordinatorTests" tests="1" disabled="0" errors="0" failures="0">
        <testcase name="testBuild()" classname="PopularMoviesCoordinatorTests" timestamp="2024-09-30T19:08:06.915+00:00" time="0.002" id="trunk:test://com.apple.xcode/UpcomingMovies/UpcomingMoviesTests/PopularMoviesCoordinatorTests/testBuild">
        </testcase>
    </testsuite>
    <testsuite name="UpcomingMoviesTests.MovieDetailPosterCoordinatorTests" tests="1" disabled="0" errors="0" failures="0">
        <testcase name="testBuild()" classname="MovieDetailPosterCoordinatorTests" timestamp="2024-09-30T19:08:06.915+00:00" time="0.003" id="trunk:test://com.apple.xcode/UpcomingMovies/UpcomingMoviesTests/MovieDetailPosterCoordinatorTests/testBuild">
        </testcase>
    </testsuite>
    <testsuite name="UpcomingMoviesTests.CustomListDetailViewControllerTests" tests="3" disabled="0" errors="0" failures="0">
        <testcase name="testViewWillAppear()" classname="CustomListDetailViewControllerTests" timestamp="2024-09-30T19:08:06.915+00:00" time="0.004" id="trunk:test://com.apple.xcode/UpcomingMovies/UpcomingMoviesTests/CustomListDetailViewControllerTests/testViewWillAppear">
        </testcase>
        <testcase name="testHeightForHeaderInSection()" classname="CustomListDetailViewControllerTests" timestamp="2024-09-30T19:08:06.915+00:00" time="0.001" id="trunk:test://com.apple.xcode/UpcomingMovies/UpcomingMoviesTests/CustomListDetailViewControllerTests/testHeightForHeaderInSection">
        </testcase>
        <testcase name="testViewForHeaderInSection()" classname="CustomListDetailViewControllerTests" timestamp="2024-09-30T19:08:06.915+00:00" time="0.003" id="trunk:test://com.apple.xcode/UpcomingMovies/UpcomingMoviesTests/CustomListDetailViewControllerTests/testViewForHeaderInSection">
        </testcase>
    </testsuite>
    <testsuite name="UpcomingMoviesTests.SavedMoviesViewModelTests" tests="9" disabled="0" errors="0" failures="0">
        <testcase name="testEmptyMovieResultsTitle()" classname="SavedMoviesViewModelTests" timestamp="2024-09-30T19:08:06.915+00:00" time="0.000" id="trunk:test://com.apple.xcode/UpcomingMovies/UpcomingMoviesTests/SavedMoviesViewModelTests/testEmptyMovieResultsTitle">
        </testcase>
        <testcase name="testMovieCellsZeroCount()" classname="SavedMoviesViewModelTests" timestamp="2024-09-30T19:08:06.915+00:00" time="0.000" id="trunk:test://com.apple.xcode/UpcomingMovies/UpcomingMoviesTests/SavedMoviesViewModelTests/testMovieCellsZeroCount">
        </testcase>
        <testcase name="testMovieCellsCount()" classname="SavedMoviesViewModelTests" timestamp="2024-09-30T19:08:06.915+00:00" time="0.001" id="trunk:test://com.apple.xcode/UpcomingMovies/UpcomingMoviesTests/SavedMoviesViewModelTests/testMovieCellsCount">
        </testcase>
        <testcase name="testGetCollectionListEmpty()" classname="SavedMoviesViewModelTests" timestamp="2024-09-30T19:08:06.915+00:00" time="0.000" id="trunk:test://com.apple.xcode/UpcomingMovies/UpcomingMoviesTests/SavedMoviesViewModelTests/testGetCollectionListEmpty">
        </testcase>
        <testcase name="testMovieIndex()" classname="SavedMoviesViewModelTests" timestamp="2024-09-30T19:08:06.915+00:00" time="0.001" id="trunk:test://com.apple.xcode/UpcomingMovies/UpcomingMoviesTests/SavedMoviesViewModelTests/testMovieIndex">
        </testcase>
        <testcase name="testGetCollectionListError()" classname="SavedMoviesViewModelTests" timestamp="2024-09-30T19:08:06.915+00:00" time="0.000" id="trunk:test://com.apple.xcode/UpcomingMovies/UpcomingMoviesTests/SavedMoviesViewModelTests/testGetCollectionListError">
        </testcase>
        <testcase name="testGetCollectionListPopulated()" classname="SavedMoviesViewModelTests" timestamp="2024-09-30T19:08:06.915+00:00" time="0.000" id="trunk:test://com.apple.xcode/UpcomingMovies/UpcomingMoviesTests/SavedMoviesViewModelTests/testGetCollectionListPopulated">
        </testcase>
        <testcase name="testGetCollectionListPaging()" classname="SavedMoviesViewModelTests" timestamp="2024-09-30T19:08:06.915+00:00" time="0.000" id="trunk:test://com.apple.xcode/UpcomingMovies/UpcomingMoviesTests/SavedMoviesViewModelTests/testGetCollectionListPaging">
        </testcase>
        <testcase name="testSavedMoviesTitle()" classname="SavedMoviesViewModelTests" timestamp="2024-09-30T19:08:06.915+00:00" time="0.000" id="trunk:test://com.apple.xcode/UpcomingMovies/UpcomingMoviesTests/SavedMoviesViewModelTests/testSavedMoviesTitle">
        </testcase>
    </testsuite>
    <testsuite name="UpcomingMoviesTests.MovieDetailTitleViewModelTests" tests="4" disabled="0" errors="0" failures="0">
        <testcase name="testMovieDetailSubtitle()" classname="MovieDetailTitleViewModelTests" timestamp="2024-09-30T19:08:06.915+00:00" time="0.000" id="trunk:test://com.apple.xcode/UpcomingMovies/UpcomingMoviesTests/MovieDetailTitleViewModelTests/testMovieDetailSubtitle">
        </testcase>
        <testcase name="testMovieDetailVoteAverage()" classname="MovieDetailTitleViewModelTests" timestamp="2024-09-30T19:08:06.915+00:00" time="0.002" id="trunk:test://com.apple.xcode/UpcomingMovies/UpcomingMoviesTests/MovieDetailTitleViewModelTests/testMovieDetailVoteAverage">
        </testcase>
        <testcase name="testMovieDetailGenreIds()" classname="MovieDetailTitleViewModelTests" timestamp="2024-09-30T19:08:06.915+00:00" time="0.000" id="trunk:test://com.apple.xcode/UpcomingMovies/UpcomingMoviesTests/MovieDetailTitleViewModelTests/testMovieDetailGenreIds">
        </testcase>
        <testcase name="testMovieDetailTitle()" classname="MovieDetailTitleViewModelTests" timestamp="2024-09-30T19:08:06.915+00:00" time="0.000" id="trunk:test://com.apple.xcode/UpcomingMovies/UpcomingMoviesTests/MovieDetailTitleViewModelTests/testMovieDetailTitle">
        </testcase>
    </testsuite>
    <testsuite name="UpcomingMoviesTests.SignInViewModelTests" tests="5" disabled="0" errors="0" failures="0">
        <testcase name="testSignInUserError()" classname="SignInViewModelTests" timestamp="2024-09-30T19:08:06.915+00:00" time="0.001" id="trunk:test://com.apple.xcode/UpcomingMovies/UpcomingMoviesTests/SignInViewModelTests/testSignInUserError">
        </testcase>
        <testcase name="testAuthorizationProcessSuccess()" classname="SignInViewModelTests" timestamp="2024-09-30T19:08:06.915+00:00" time="0.004" id="trunk:test://com.apple.xcode/UpcomingMovies/UpcomingMoviesTests/SignInViewModelTests/testAuthorizationProcessSuccess">
        </testcase>
        <testcase name="testSignInUserSuccess()" classname="SignInViewModelTests" timestamp="2024-09-30T19:08:06.915+00:00" time="0.001" id="trunk:test://com.apple.xcode/UpcomingMovies/UpcomingMoviesTests/SignInViewModelTests/testSignInUserSuccess">
        </testcase>
        <testcase name="testAuthorizationProcessError()" classname="SignInViewModelTests" timestamp="2024-09-30T19:08:06.915+00:00" time="0.000" id="trunk:test://com.apple.xcode/UpcomingMovies/UpcomingMoviesTests/SignInViewModelTests/testAuthorizationProcessError">
        </testcase>
        <testcase name="testSignInButtonTitle()" classname="SignInViewModelTests" timestamp="2024-09-30T19:08:06.915+00:00" time="0.000" id="trunk:test://com.apple.xcode/UpcomingMovies/UpcomingMoviesTests/SignInViewModelTests/testSignInButtonTitle">
        </testcase>
    </testsuite>
    <testsuite name="UpcomingMoviesTests.MovieVisitModelTests" tests="1" disabled="0" errors="0" failures="0">
        <testcase name="testInitWithMovieVisit()" classname="MovieVisitModelTests" timestamp="2024-09-30T19:08:06.915+00:00" time="0.002" id="trunk:test://com.apple.xcode/UpcomingMovies/UpcomingMoviesTests/MovieVisitModelTests/testInitWithMovieVisit">
        </testcase>
    </testsuite>
    <testsuite name="UpcomingMoviesTests.UpcomingMovieCellViewModelTests" tests="2" disabled="0" errors="0" failures="0">
        <testcase name="testUpcomingMovieCellBackdropURL()" classname="UpcomingMovieCellViewModelTests" timestamp="2024-09-30T19:08:06.915+00:00" time="0.000" id="trunk:test://com.apple.xcode/UpcomingMovies/UpcomingMoviesTests/UpcomingMovieCellViewModelTests/testUpcomingMovieCellBackdropURL">
        </testcase>
        <testcase name="testUpcomingMovieCellPosterURL()" classname="UpcomingMovieCellViewModelTests" timestamp="2024-09-30T19:08:06.915+00:00" time="0.000" id="trunk:test://com.apple.xcode/UpcomingMovies/UpcomingMoviesTests/UpcomingMovieCellViewModelTests/testUpcomingMovieCellPosterURL">
        </testcase>
    </testsuite>
    <testsuite name="UpcomingMoviesTests.MovieReviewDetailCoordinatorTests" tests="1" disabled="0" errors="0" failures="0">
        <testcase name="testBuild()" classname="MovieReviewDetailCoordinatorTests" timestamp="2024-09-30T19:08:06.915+00:00" time="0.003" id="trunk:test://com.apple.xcode/UpcomingMovies/UpcomingMoviesTests/MovieReviewDetailCoordinatorTests/testBuild">
        </testcase>
    </testsuite>
    <testsuite name="UpcomingMoviesTests.UpcomingMoviesCoordinatorTests" tests="4" disabled="0" errors="0" failures="0">
        <testcase name="testSetupNavigationControllerDelegate()" classname="UpcomingMoviesCoordinatorTests" timestamp="2024-09-30T19:08:06.915+00:00" time="0.000" id="trunk:test://com.apple.xcode/UpcomingMovies/UpcomingMoviesTests/UpcomingMoviesCoordinatorTests/testSetupNavigationControllerDelegate">
        </testcase>
        <testcase name="testBuild()" classname="UpcomingMoviesCoordinatorTests" timestamp="2024-09-30T19:08:06.915+00:00" time="0.003" id="trunk:test://com.apple.xcode/UpcomingMovies/UpcomingMoviesTests/UpcomingMoviesCoordinatorTests/testBuild">
        </testcase>
        <testcase name="testShowMovieDetail()" classname="UpcomingMoviesCoordinatorTests" timestamp="2024-09-30T19:08:06.915+00:00" time="0.017" id="trunk:test://com.apple.xcode/UpcomingMovies/UpcomingMoviesTests/UpcomingMoviesCoordinatorTests/testShowMovieDetail">
        </testcase>
        <testcase name="testRootIdentifier()" classname="UpcomingMoviesCoordinatorTests" timestamp="2024-09-30T19:08:06.915+00:00" time="0.000" id="trunk:test://com.apple.xcode/UpcomingMovies/UpcomingMoviesTests/UpcomingMoviesCoordinatorTests/testRootIdentifier">
        </testcase>
    </testsuite>
    <testsuite name="UpcomingMoviesTests.MovieVideosInteractorTests" tests="1" disabled="0" errors="0" failures="0">
        <testcase name="testGetMovieVideosCalled()" classname="MovieVideosInteractorTests" timestamp="2024-09-30T19:08:06.915+00:00" time="0.000" id="trunk:test://com.apple.xcode/UpcomingMovies/UpcomingMoviesTests/MovieVideosInteractorTests/testGetMovieVideosCalled">
        </testcase>
    </testsuite>
    <testsuite name="UpcomingMoviesTests.ProfileAccountInfoCellViewModelTests" tests="2" disabled="0" errors="0" failures="0">
        <testcase name="testUsername()" classname="ProfileAccountInfoCellViewModelTests" timestamp="2024-09-30T19:08:06.915+00:00" time="0.000" id="trunk:test://com.apple.xcode/UpcomingMovies/UpcomingMoviesTests/ProfileAccountInfoCellViewModelTests/testUsername">
        </testcase>
        <testcase name="testName()" classname="ProfileAccountInfoCellViewModelTests" timestamp="2024-09-30T19:08:06.915+00:00" time="0.000" id="trunk:test://com.apple.xcode/UpcomingMovies/UpcomingMoviesTests/ProfileAccountInfoCellViewModelTests/testName">
        </testcase>
    </testsuite>
    <testsuite name="UpcomingMoviesTests.AuthPermissionViewControllerTests" tests="2" disabled="0" errors="0" failures="0">
        <testcase name="testCloseBarButtonAction()" classname="AuthPermissionViewControllerTests" timestamp="2024-09-30T19:08:06.915+00:00" time="0.089" id="trunk:test://com.apple.xcode/UpcomingMovies/UpcomingMoviesTests/AuthPermissionViewControllerTests/testCloseBarButtonAction">
        </testcase>
        <testcase name="testPresentationControllerDidDismiss()" classname="AuthPermissionViewControllerTests" timestamp="2024-09-30T19:08:06.915+00:00" time="0.005" id="trunk:test://com.apple.xcode/UpcomingMovies/UpcomingMoviesTests/AuthPermissionViewControllerTests/testPresentationControllerDidDismiss">
        </testcase>
    </testsuite>
    <testsuite name="UpcomingMoviesTests.MovieDetailPosterRenderContentTests" tests="2" disabled="0" errors="0" failures="0">
        <testcase name="testPosterURL()" classname="MovieDetailPosterRenderContentTests" timestamp="2024-09-30T19:08:06.915+00:00" time="0.000" id="trunk:test://com.apple.xcode/UpcomingMovies/UpcomingMoviesTests/MovieDetailPosterRenderContentTests/testPosterURL">
        </testcase>
        <testcase name="testBackdropURL()" classname="MovieDetailPosterRenderContentTests" timestamp="2024-09-30T19:08:06.915+00:00" time="0.000" id="trunk:test://com.apple.xcode/UpcomingMovies/UpcomingMoviesTests/MovieDetailPosterRenderContentTests/testBackdropURL">
        </testcase>
    </testsuite>
    <testsuite name="UpcomingMoviesTests.MovieReviewsCoordinatorTests" tests="3" disabled="0" errors="0" failures="0">
        <testcase name="testShowReviewDetailWithoutTopViewController()" classname="MovieReviewsCoordinatorTests" timestamp="2024-09-30T19:08:06.915+00:00" time="0.000" id="trunk:test://com.apple.xcode/UpcomingMovies/UpcomingMoviesTests/MovieReviewsCoordinatorTests/testShowReviewDetailWithoutTopViewController">
        </testcase>
        <testcase name="testShowReviewDetail()" classname="MovieReviewsCoordinatorTests" timestamp="2024-09-30T19:08:06.915+00:00" time="0.003" id="trunk:test://com.apple.xcode/UpcomingMovies/UpcomingMoviesTests/MovieReviewsCoordinatorTests/testShowReviewDetail">
        </testcase>
        <testcase name="testBuild()" classname="MovieReviewsCoordinatorTests" timestamp="2024-09-30T19:08:06.915+00:00" time="0.004" id="trunk:test://com.apple.xcode/UpcomingMovies/UpcomingMoviesTests/MovieReviewsCoordinatorTests/testBuild">
        </testcase>
    </testsuite>
    <testsuite name="UpcomingMoviesTests.SplashBuilderTests" tests="1" disabled="0" errors="0" failures="0">
        <testcase name="testBuildViewController()" classname="SplashBuilderTests" timestamp="2024-09-30T19:08:06.915+00:00" time="0.005" id="trunk:test://com.apple.xcode/UpcomingMovies/UpcomingMoviesTests/SplashBuilderTests/testBuildViewController">
        </testcase>
    </testsuite>
[...]
        </testcase>
        <testcase name="testEmbedSearchOptions()" classname="SearchMoviesCoordinatorTests" timestamp="2024-09-30T19:08:06.915+00:00" time="0.005" id="trunk:test://com.apple.xcode/UpcomingMovies/UpcomingMoviesTests/SearchMoviesCoordinatorTests/testEmbedSearchOptions">
        </testcase>
        <testcase name="testShowMoviesByGenre()" classname="SearchMoviesCoordinatorTests" timestamp="2024-09-30T19:08:06.915+00:00" time="0.001" id="trunk:test://com.apple.xcode/UpcomingMovies/UpcomingMoviesTests/SearchMoviesCoordinatorTests/testShowMoviesByGenre">
        </testcase>
        <testcase name="testShowPopularMovies()" classname="SearchMoviesCoordinatorTests" timestamp="2024-09-30T19:08:06.915+00:00" time="0.001" id="trunk:test://com.apple.xcode/UpcomingMovies/UpcomingMoviesTests/SearchMoviesCoordinatorTests/testShowPopularMovies">
        </testcase>
    </testsuite>
    <testsuite name="UpcomingMoviesTests.MovieCreditCellViewModelTests" tests="6" disabled="0" errors="0" failures="0">
        <testcase name="testProfileURLForCreditModelCreatedWithCrew()" classname="MovieCreditCellViewModelTests" timestamp="2024-09-30T19:08:06.915+00:00" time="0.001" id="trunk:test://com.apple.xcode/UpcomingMovies/UpcomingMoviesTests/MovieCreditCellViewModelTests/testProfileURLForCreditModelCreatedWithCrew">
        </testcase>
        <testcase name="testNameForCreditModelCreatedWithCrew()" classname="MovieCreditCellViewModelTests" timestamp="2024-09-30T19:08:06.915+00:00" time="0.000" id="trunk:test://com.apple.xcode/UpcomingMovies/UpcomingMoviesTests/MovieCreditCellViewModelTests/testNameForCreditModelCreatedWithCrew">
        </testcase>
        <testcase name="testNameForCreditModelCreatedWithCast()" classname="MovieCreditCellViewModelTests" timestamp="2024-09-30T19:08:06.915+00:00" time="0.001" id="trunk:test://com.apple.xcode/UpcomingMovies/UpcomingMoviesTests/MovieCreditCellViewModelTests/testNameForCreditModelCreatedWithCast">
        </testcase>
        <testcase name="testRoleForCreditModelCreatedWithCrew()" classname="MovieCreditCellViewModelTests" timestamp="2024-09-30T19:08:06.915+00:00" time="0.000" id="trunk:test://com.apple.xcode/UpcomingMovies/UpcomingMoviesTests/MovieCreditCellViewModelTests/testRoleForCreditModelCreatedWithCrew">
        </testcase>
        <testcase name="testProfileURLForCreditModelCreatedWithCast()" classname="MovieCreditCellViewModelTests" timestamp="2024-09-30T19:08:06.915+00:00" time="0.001" id="trunk:test://com.apple.xcode/UpcomingMovies/UpcomingMoviesTests/MovieCreditCellViewModelTests/testProfileURLForCreditModelCreatedWithCast">
        </testcase>
        <testcase name="testRoleForCreditModelCreatedWithCast()" classname="MovieCreditCellViewModelTests" timestamp="2024-09-30T19:08:06.915+00:00" time="0.000" id="trunk:test://com.apple.xcode/UpcomingMovies/UpcomingMoviesTests/MovieCreditCellViewModelTests/testRoleForCreditModelCreatedWithCast">
        </testcase>
    </testsuite>
    <testsuite name="UpcomingMoviesTests.MovieDetailTitleCoordinatorTests" tests="1" disabled="0" errors="0" failures="0">
        <testcase name="testBuild()" classname="MovieDetailTitleCoordinatorTests" timestamp="2024-09-30T19:08:06.915+00:00" time="0.003" id="trunk:test://com.apple.xcode/UpcomingMovies/UpcomingMoviesTests/MovieDetailTitleCoordinatorTests/testBuild">
        </testcase>
    </testsuite>
    <testsuite name="UpcomingMoviesTests.MovieVideoCellViewModelTests" tests="2" disabled="0" errors="0" failures="0">
        <testcase name="testNameForVideoModel()" classname="MovieVideoCellViewModelTests" timestamp="2024-09-30T19:08:06.915+00:00" time="0.000" id="trunk:test://com.apple.xcode/UpcomingMovies/UpcomingMoviesTests/MovieVideoCellViewModelTests/testNameForVideoModel">
        </testcase>
        <testcase name="testThumbnailURLForVideoModel()" classname="MovieVideoCellViewModelTests" timestamp="2024-09-30T19:08:06.915+00:00" time="0.000" id="trunk:test://com.apple.xcode/UpcomingMovies/UpcomingMoviesTests/MovieVideoCellViewModelTests/testThumbnailURLForVideoModel">
        </testcase>
    </testsuite>
    <testsuite name="UpcomingMoviesTests.MovieDetailViewModelTests" tests="29" disabled="0" errors="0" failures="0">
        <testcase name="testMovieDetailOverview()" classname="MovieDetailViewModelTests" timestamp="2024-09-30T19:08:06.915+00:00" time="0.000" id="trunk:test://com.apple.xcode/UpcomingMovies/UpcomingMoviesTests/MovieDetailViewModelTests/testMovieDetailOverview">
        </testcase>
        <testcase name="testSaveVisitedMovie()" classname="MovieDetailViewModelTests" timestamp="2024-09-30T19:08:06.915+00:00" time="0.001" id="trunk:test://com.apple.xcode/UpcomingMovies/UpcomingMoviesTests/MovieDetailViewModelTests/testSaveVisitedMovie">
        </testcase>
        <testcase name="testRemoveFromWatchlistAlertActionSuccess()" classname="MovieDetailViewModelTests" timestamp="2024-09-30T19:08:06.915+00:00" time="0.001" id="trunk:test://com.apple.xcode/UpcomingMovies/UpcomingMoviesTests/MovieDetailViewModelTests/testRemoveFromWatchlistAlertActionSuccess">
        </testcase>
        <testcase name="testScreenTitle()" classname="MovieDetailViewModelTests" timestamp="2024-09-30T19:08:06.915+00:00" time="0.000" id="trunk:test://com.apple.xcode/UpcomingMovies/UpcomingMoviesTests/MovieDetailViewModelTests/testScreenTitle">
        </testcase>
        <testcase name="testDidSetupMovieDetailNeedsFetchFalse()" classname="MovieDetailViewModelTests" timestamp="2024-09-30T19:08:06.915+00:00" time="0.000" id="trunk:test://com.apple.xcode/UpcomingMovies/UpcomingMoviesTests/MovieDetailViewModelTests/testDidSetupMovieDetailNeedsFetchFalse">
        </testcase>
        <testcase name="testCheckMovieAccountStateSuccess()" classname="MovieDetailViewModelTests" timestamp="2024-09-30T19:08:06.915+00:00" time="0.001" id="trunk:test://com.apple.xcode/UpcomingMovies/UpcomingMoviesTests/MovieDetailViewModelTests/testCheckMovieAccountStateSuccess">
        </testcase>
        <testcase name="testGetMovieGenreNameNil()" classname="MovieDetailViewModelTests" timestamp="2024-09-30T19:08:06.915+00:00" time="0.000" id="trunk:test://com.apple.xcode/UpcomingMovies/UpcomingMoviesTests/MovieDetailViewModelTests/testGetMovieGenreNameNil">
        </testcase>
        <testcase name="testCheckMovieAccountStateIsUserSignedInFalse()" classname="MovieDetailViewModelTests" timestamp="2024-09-30T19:08:06.915+00:00" time="0.000" id="trunk:test://com.apple.xcode/UpcomingMovies/UpcomingMoviesTests/MovieDetailViewModelTests/testCheckMovieAccountStateIsUserSignedInFalse">
        </testcase>
        <testcase name="testShowErrorRetryView()" classname="MovieDetailViewModelTests" timestamp="2024-09-30T19:08:06.915+00:00" time="0.000" id="trunk:test://com.apple.xcode/UpcomingMovies/UpcomingMoviesTests/MovieDetailViewModelTests/testShowErrorRetryView">
        </testcase>
        <testcase name="testGetMovieGenreNameWihtoutId()" classname="MovieDetailViewModelTests" timestamp="2024-09-30T19:08:06.915+00:00" time="0.000" id="trunk:test://com.apple.xcode/UpcomingMovies/UpcomingMoviesTests/MovieDetailViewModelTests/testGetMovieGenreNameWihtoutId">
        </testcase>
        <testcase name="testHandleFavoriteMovieIsFavoriteFalseSuccessResponse()" classname="MovieDetailViewModelTests" timestamp="2024-09-30T19:08:06.915+00:00" time="0.001" id="trunk:test://com.apple.xcode/UpcomingMovies/UpcomingMoviesTests/MovieDetailViewModelTests/testHandleFavoriteMovieIsFavoriteFalseSuccessResponse">
        </testcase>
        <testcase name="testAddToWatchlistAlertActionSuccess()" classname="MovieDetailViewModelTests" timestamp="2024-09-30T19:08:06.915+00:00" time="0.001" id="trunk:test://com.apple.xcode/UpcomingMovies/UpcomingMoviesTests/MovieDetailViewModelTests/testAddToWatchlistAlertActionSuccess">
        </testcase>
        <testcase name="testShareAlertAction()" classname="MovieDetailViewModelTests" timestamp="2024-09-30T19:08:06.915+00:00" time="0.001" id="trunk:test://com.apple.xcode/UpcomingMovies/UpcomingMoviesTests/MovieDetailViewModelTests/testShareAlertAction">
        </testcase>
        <testcase name="testHandleFavoriteMovieIsFavoriteNilValue()" classname="MovieDetailViewModelTests" timestamp="2024-09-30T19:08:06.915+00:00" time="0.000" id="trunk:test://com.apple.xcode/UpcomingMovies/UpcomingMoviesTests/MovieDetailViewModelTests/testHandleFavoriteMovieIsFavoriteNilValue">
        </testcase>
        <testcase name="testGetAvailableAlertActionsWithNoAccountState()" classname="MovieDetailViewModelTests" timestamp="2024-09-30T19:08:06.915+00:00" time="0.000" id="trunk:test://com.apple.xcode/UpcomingMovies/UpcomingMoviesTests/MovieDetailViewModelTests/testGetAvailableAlertActionsWithNoAccountState">
        </testcase>
        <testcase name="testCheckMovieAccountStateError()" classname="MovieDetailViewModelTests" timestamp="2024-09-30T19:08:06.915+00:00" time="0.001" id="trunk:test://com.apple.xcode/UpcomingMovies/UpcomingMoviesTests/MovieDetailViewModelTests/testCheckMovieAccountStateError">
        </testcase>
        <testcase name="testShareTitle()" classname="MovieDetailViewModelTests" timestamp="2024-09-30T19:08:06.915+00:00" time="0.001" id="trunk:test://com.apple.xcode/UpcomingMovies/UpcomingMoviesTests/MovieDetailViewModelTests/testShareTitle">
        </testcase>
        <testcase name="testGetMovieGenreName()" classname="MovieDetailViewModelTests" timestamp="2024-09-30T19:08:06.915+00:00" time="0.001" id="trunk:test://com.apple.xcode/UpcomingMovies/UpcomingMoviesTests/MovieDetailViewModelTests/testGetMovieGenreName">
        </testcase>
        <testcase name="testGetAvailableAlertActionsWithAccountStateWatchlistTrue()" classname="MovieDetailViewModelTests" timestamp="2024-09-30T19:08:06.915+00:00" time="0.000" id="trunk:test://com.apple.xcode/UpcomingMovies/UpcomingMoviesTests/MovieDetailViewModelTests/testGetAvailableAlertActionsWithAccountStateWatchlistTrue">
        </testcase>
        <testcase name="testMovieDetailTitle()" classname="MovieDetailViewModelTests" timestamp="2024-09-30T19:08:06.915+00:00" time="0.000" id="trunk:test://com.apple.xcode/UpcomingMovies/UpcomingMoviesTests/MovieDetailViewModelTests/testMovieDetailTitle">
        </testcase>
        <testcase name="testRemoveFromWatchlistAlertActionError()" classname="MovieDetailViewModelTests" timestamp="2024-09-30T19:08:06.915+00:00" time="0.006" id="trunk:test://com.apple.xcode/UpcomingMovies/UpcomingMoviesTests/MovieDetailViewModelTests/testRemoveFromWatchlistAlertActionError">
        </testcase>
        <testcase name="testHandleFavoriteMovieIsFavoriteFalseErrorResponse()" classname="MovieDetailViewModelTests" timestamp="2024-09-30T19:08:06.915+00:00" time="0.001" id="trunk:test://com.apple.xcode/UpcomingMovies/UpcomingMoviesTests/MovieDetailViewModelTests/testHandleFavoriteMovieIsFavoriteFalseErrorResponse">
        </testcase>
        <testcase name="testMovieDetailReleaseDate()" classname="MovieDetailViewModelTests" timestamp="2024-09-30T19:08:06.915+00:00" time="0.000" id="trunk:test://com.apple.xcode/UpcomingMovies/UpcomingMoviesTests/MovieDetailViewModelTests/testMovieDetailReleaseDate">
        </testcase>
        <testcase name="testGetAvailableAlertActionsWithAccountStateWatchlistFalse()" classname="MovieDetailViewModelTests" timestamp="2024-09-30T19:08:06.915+00:00" time="0.000" id="trunk:test://com.apple.xcode/UpcomingMovies/UpcomingMoviesTests/MovieDetailViewModelTests/testGetAvailableAlertActionsWithAccountStateWatchlistFalse">
        </testcase>
        <testcase name="testAddToWatchlistAlertActionError()" classname="MovieDetailViewModelTests" timestamp="2024-09-30T19:08:06.915+00:00" time="0.000" id="trunk:test://com.apple.xcode/UpcomingMovies/UpcomingMoviesTests/MovieDetailViewModelTests/testAddToWatchlistAlertActionError">
        </testcase>
        <testcase name="testCancelTitle()" classname="MovieDetailViewModelTests" timestamp="2024-09-30T19:08:06.915+00:00" time="0.000" id="trunk:test://com.apple.xcode/UpcomingMovies/UpcomingMoviesTests/MovieDetailViewModelTests/testCancelTitle">
        </testcase>
        <testcase name="testHandleFavoriteMovieIsFavoriteTrueErrorResponse()" classname="MovieDetailViewModelTests" timestamp="2024-09-30T19:08:06.915+00:00" time="0.001" id="trunk:test://com.apple.xcode/UpcomingMovies/UpcomingMoviesTests/MovieDetailViewModelTests/testHandleFavoriteMovieIsFavoriteTrueErrorResponse">
        </testcase>
        <testcase name="testHandleFavoriteMovieIsFavoriteTrueSuccessResponse()" classname="MovieDetailViewModelTests" timestamp="2024-09-30T19:08:06.915+00:00" time="0.001" id="trunk:test://com.apple.xcode/UpcomingMovies/UpcomingMoviesTests/MovieDetailViewModelTests/testHandleFavoriteMovieIsFavoriteTrueSuccessResponse">
        </testcase>
        <testcase name="testDidSetupMovieDetail()" classname="MovieDetailViewModelTests" timestamp="2024-09-30T19:08:06.915+00:00" time="0.000" id="trunk:test://com.apple.xcode/UpcomingMovies/UpcomingMoviesTests/MovieDetailViewModelTests/testDidSetupMovieDetail">
        </testcase>
    </testsuite>
    <testsuite name="UpcomingMoviesTests.BaseCoordinatorTests" tests="13" disabled="0" errors="0" failures="0">
        <testcase name="testSetupNavigationControllerDelegateExistingDelegateShouldOverride()" classname="BaseCoordinatorTests" timestamp="2024-09-30T19:08:06.915+00:00" time="0.001" id="trunk:test://com.apple.xcode/UpcomingMovies/UpcomingMoviesTests/BaseCoordinatorTests/testSetupNavigationControllerDelegateExistingDelegateShouldOverride">
        </testcase>
        <testcase name="testDismissEmbedWithoutContainerViewCoordinatorMode()" classname="BaseCoordinatorTests" timestamp="2024-09-30T19:08:06.915+00:00" time="0.001" id="trunk:test://com.apple.xcode/UpcomingMovies/UpcomingMoviesTests/BaseCoordinatorTests/testDismissEmbedWithoutContainerViewCoordinatorMode">
        </testcase>
        <testcase name="testDismissPushCoordinatorMode()" classname="BaseCoordinatorTests" timestamp="2024-09-30T19:08:06.915+00:00" time="0.000" id="trunk:test://com.apple.xcode/UpcomingMovies/UpcomingMoviesTests/BaseCoordinatorTests/testDismissPushCoordinatorMode">
        </testcase>
        <testcase name="testDismissPresentCoordinatorMode()" classname="BaseCoordinatorTests" timestamp="2024-09-30T19:08:06.915+00:00" time="0.000" id="trunk:test://com.apple.xcode/UpcomingMovies/UpcomingMoviesTests/BaseCoordinatorTests/testDismissPresentCoordinatorMode">
        </testcase>
        <testcase name="testStartEmbedWithContainerViewCoordinatorMode()" classname="BaseCoordinatorTests" timestamp="2024-09-30T19:08:06.915+00:00" time="0.001" id="trunk:test://com.apple.xcode/UpcomingMovies/UpcomingMoviesTests/BaseCoordinatorTests/testStartEmbedWithContainerViewCoordinatorMode">
        </testcase>
        <testcase name="testNavigationControllerDidShowViewControllerContainedInStack()" classname="BaseCoordinatorTests" timestamp="2024-09-30T19:08:06.915+00:00" time="0.005" id="trunk:test://com.apple.xcode/UpcomingMovies/UpcomingMoviesTests/BaseCoordinatorTests/testNavigationControllerDidShowViewControllerContainedInStack">
        </testcase>
        <testcase name="testStartPushCoordinatorMode()" classname="BaseCoordinatorTests" timestamp="2024-09-30T19:08:06.915+00:00" time="0.000" id="trunk:test://com.apple.xcode/UpcomingMovies/UpcomingMoviesTests/BaseCoordinatorTests/testStartPushCoordinatorMode">
        </testcase>
        <testcase name="testNavigationControllerDidShowViewControllerIsBeingPresentedTrue()" classname="BaseCoordinatorTests" timestamp="2024-09-30T19:08:06.915+00:00" time="0.000" id="trunk:test://com.apple.xcode/UpcomingMovies/UpcomingMoviesTests/BaseCoordinatorTests/testNavigationControllerDidShowViewControllerIsBeingPresentedTrue">
        </testcase>
        <testcase name="testSetupNavigationControllerDelegateExistingDelegateShouldNotOverride()" classname="BaseCoordinatorTests" timestamp="2024-09-30T19:08:06.915+00:00" time="0.000" id="trunk:test://com.apple.xcode/UpcomingMovies/UpcomingMoviesTests/BaseCoordinatorTests/testSetupNavigationControllerDelegateExistingDelegateShouldNotOverride">
        </testcase>
        <testcase name="testNavigationControllerDidShow()" classname="BaseCoordinatorTests" timestamp="2024-09-30T19:08:06.915+00:00" time="0.000" id="trunk:test://com.apple.xcode/UpcomingMovies/UpcomingMoviesTests/BaseCoordinatorTests/testNavigationControllerDidShow">
        </testcase>
        <testcase name="testSetupNavigationControllerDelegate()" classname="BaseCoordinatorTests" timestamp="2024-09-30T19:08:06.915+00:00" time="0.001" id="trunk:test://com.apple.xcode/UpcomingMovies/UpcomingMoviesTests/BaseCoordinatorTests/testSetupNavigationControllerDelegate">
        </testcase>
        <testcase name="testStartPresentCoordinatorMode()" classname="BaseCoordinatorTests" timestamp="2024-09-30T19:08:06.915+00:00" time="0.000" id="trunk:test://com.apple.xcode/UpcomingMovies/UpcomingMoviesTests/BaseCoordinatorTests/testStartPresentCoordinatorMode">
        </testcase>
        <testcase name="testStartEmbedWithoutContainerViewCoordinatorMode()" classname="BaseCoordinatorTests" timestamp="2024-09-30T19:08:06.915+00:00" time="0.000" id="trunk:test://com.apple.xcode/UpcomingMovies/UpcomingMoviesTests/BaseCoordinatorTests/testStartEmbedWithoutContainerViewCoordinatorMode">
        </testcase>
    </testsuite>
    <testsuite name="UpcomingMoviesTests.MovieCreditsInteractorTests" tests="1" disabled="0" errors="0" failures="0">
        <testcase name="testGetMovieCreditsCalled()" classname="MovieCreditsInteractorTests" timestamp="2024-09-30T19:08:06.915+00:00" time="0.000" id="trunk:test://com.apple.xcode/UpcomingMovies/UpcomingMoviesTests/MovieCreditsInteractorTests/testGetMovieCreditsCalled">
        </testcase>
    </testsuite>
    <testsuite name="UpcomingMoviesTests.WatchlistSavedMoviesInteractorTests" tests="1" disabled="0" errors="0" failures="0">
        <testcase name="testGetWatchlistCalled()" classname="WatchlistSavedMoviesInteractorTests" timestamp="2024-09-30T19:08:06.915+00:00" time="0.001" id="trunk:test://com.apple.xcode/UpcomingMovies/UpcomingMoviesTests/WatchlistSavedMoviesInteractorTests/testGetWatchlistCalled">
        </testcase>
    </testsuite>
    <testsuite name="UpcomingMoviesTests.SignInInteractorTests" tests="3" disabled="0" errors="0" failures="0">
        <testcase name="testSignInUserError()" classname="SignInInteractorTests" timestamp="2024-09-30T19:08:06.915+00:00" time="0.000" id="trunk:test://com.apple.xcode/UpcomingMovies/UpcomingMoviesTests/SignInInteractorTests/testSignInUserError">
        </testcase>
        <testcase name="testGetAuthPermissionURL()" classname="SignInInteractorTests" timestamp="2024-09-30T19:08:06.915+00:00" time="0.000" id="trunk:test://com.apple.xcode/UpcomingMovies/UpcomingMoviesTests/SignInInteractorTests/testGetAuthPermissionURL">
        </testcase>
        <testcase name="testSignInUserSuccess()" classname="SignInInteractorTests" timestamp="2024-09-30T19:08:06.915+00:00" time="0.000" id="trunk:test://com.apple.xcode/UpcomingMovies/UpcomingMoviesTests/SignInInteractorTests/testSignInUserSuccess">
        </testcase>
    </testsuite>
    <testsuite name="UpcomingMoviesTests.MovieReviewCellViewModelTests" tests="2" disabled="0" errors="0" failures="0">
        <testcase name="testMovieReviewCellAuthorName()" classname="MovieReviewCellViewModelTests" timestamp="2024-09-30T19:08:06.915+00:00" time="0.000" id="trunk:test://com.apple.xcode/UpcomingMovies/UpcomingMoviesTests/MovieReviewCellViewModelTests/testMovieReviewCellAuthorName">
        </testcase>
        <testcase name="testMovieReviewCellContent()" classname="MovieReviewCellViewModelTests" timestamp="2024-09-30T19:08:06.915+00:00" time="0.000" id="trunk:test://com.apple.xcode/UpcomingMovies/UpcomingMoviesTests/MovieReviewCellViewModelTests/testMovieReviewCellContent">
        </testcase>
    </testsuite>
</testsuites>
