<?xml version="1.0" encoding="UTF-8"?>
<testsuites name="xcresult" tests="17" failures="0" errors="0" time="20.664">
    <testsuite name="XcresultparserTests.xctest" tests="17" disabled="0" errors="0" failures="0" time="11.490" id="808a5981-6ebf-5882-a048-5e06b4318cee">
        <testcase name="testCleanCodeErrors()" classname="XcresultparserTests" time="0.959" id="99d37723-0bfe-5158-a239-3f887805070d">
        </testcase>
        <testcase name="testCleanCodeWarnings()" classname="XcresultparserTests" time="0.174" id="6240defe-8527-5be7-9b44-1a997021aee5">
        </testcase>
        <testcase name="testCleanCodeWarningsWithRelativePath()" classname="XcresultparserTests" time="0.174" id="bc4a0bc2-ad67-5864-b95c-afcb6fecbab6">
        </testcase>
        <testcase name="testCLIResultFormatter()" classname="XcresultparserTests" time="1.143" id="22a30abb-dc6c-50d2-9142-12545c323691">
        </testcase>
        <testcase name="testCoberturaConverter()" classname="XcresultparserTests" time="1.038" id="188d55ef-cc47-55f2-ae51-48886935d5b5">
        </testcase>
        <testcase name="testCoverageConverter()" classname="XcresultparserTests" time="1.847" id="27bf164f-a983-5b0a-8adc-6ceadd9d023c">
        </testcase>
        <testcase name="testCoverageReportFormat()" classname="XcresultparserTests" time="0.000" id="660c6298-8214-5171-80d7-ef5dc7413ebe">
        </testcase>
        <testcase name="testHTMLResultFormatter()" classname="XcresultparserTests" time="0.772" id="0fc3913e-fb6a-57b6-8d38-85b40604d746">
        </testcase>
        <testcase name="testJunitXMLJunit()" classname="XcresultparserTests" time="0.354" id="de8f386c-187d-5c15-813c-c7fe3386f0ef">
        </testcase>
        <testcase name="testJunitXMLMergedJunit()" classname="XcresultparserTests" time="0.552" id="94a44223-fec5-5ab8-a198-2e8cefb2b316">
        </testcase>
        <testcase name="testJunitXMLSonar()" classname="XcresultparserTests" time="0.357" id="2c845bb4-3318-53d0-b466-64ae8d7f7341">
        </testcase>
        <testcase name="testMDResultFormatter()" classname="XcresultparserTests" time="0.780" id="1e4787cb-5867-5c4b-af16-39f1a45437c6">
        </testcase>
        <testcase name="testOutputFormat()" classname="XcresultparserTests" time="0.001" id="af80a48e-e736-5bd9-a407-80fb2941386d">
        </testcase>
        <testcase name="testSonarCoverageConverter()" classname="XcresultparserTests" time="1.033" id="ef079c03-82d5-5660-bff1-8113fedb8923">
        </testcase>
        <testcase name="testTextResultFormatter()" classname="XcresultparserTests" time="0.757" id="c0fb8dfb-ccf6-5a61-9e98-7025dd85f38f">
        </testcase>
        <testcase name="testTextResultFormatterMethodsCoverageReportFormat()" classname="XcresultparserTests" time="0.767" id="4a07ce52-f330-5fb0-9fc7-79a703d2a401">
        </testcase>
        <testcase name="testTextResultFormatterTotalCoverageReportFormat()" classname="XcresultparserTests" time="0.782" id="e03854b6-5621-57c4-943d-41cf3dc1ba4e">
        </testcase>
    </testsuite>
</testsuites>
