<?xml version="1.0" encoding="UTF-8"?>
<testsuites name="xcresult: SnapshotRepro" tests="1" failures="1" errors="0">
    <testsuite name="SnapshotReproTests.SnapshotReproTests" tests="1" disabled="0" errors="0" failures="1">
        <testcase name="failingSnapshot()" classname="SnapshotReproTests" timestamp="2026-05-18T20:01:11.017+00:00" id="a5afd59a-9987-5fa2-9ba9-a9c9bd3e453d" file="/tmp/xcresult-snapshot-repro.sPh62f/Tests/SnapshotReproTests/SnapshotReproTests.swift">
            <failure message="SnapshotReproTests.swift:8: Issue recorded: Snapshot does not match reference. A new snapshot was automatically recorded.

@−
&quot;file:///tmp/xcresult-snapshot-repro.sPh62f/Tests/SnapshotReproTests/__Snapshots__/SnapshotReproTests/failingSnapshot.1.txt&quot;
@+
&quot;file:///var/folders/35/qf5zyglj7473zdb24xmg23h00000gn/T/SnapshotReproTests/failingSnapshot.1.txt&quot;

To configure output for a custom diff tool, use &apos;withSnapshotTesting&apos;. For example:

    withSnapshotTesting(diffTool: .ksdiff) {
      // ...
    }

@@ −1,2 +1,2 @@
−expected
+actual"/>
        </testcase>
    </testsuite>
</testsuites>
