<?xml version="1.0" encoding="UTF-8"?>
<testsuites name="xcresult: swift testing example" tests="4" failures="2" errors="0">
    <testsuite name="swift testing exampleTests.HelloWorldTestSuite" tests="2" disabled="0" errors="0" failures="1">
        <testcase name="helloWorld()" classname="HelloWorldTestSuite" timestamp="2025-02-18T16:45:47.900+00:00" time="0.000" id="trunk:test://com.apple.xcode/swift%20testing%20example/swift%20testing%20exampleTests/HelloWorldTestSuite/helloWorld()">
        </testcase>
        <testcase name="helloWorldInvalid()" classname="HelloWorldTestSuite" timestamp="2025-02-18T16:45:47.900+00:00" time="0.000" id="trunk:test://com.apple.xcode/swift%20testing%20example/swift%20testing%20exampleTests/HelloWorldTestSuite/helloWorldInvalid()" file="/Users/work/src/swift-testing/swift%20testing%20example/swift%20testing%20exampleTests/swift_testing_exampleTests.swift">
            <failure message="swift_testing_exampleTests.swift:31: Expectation failed: (greeting → &quot;Hello, world!&quot;) == &quot;Hello&quot;"/>
        </testcase>
    </testsuite>
    <testsuite name="swift testing exampleTests" tests="2" disabled="0" errors="0" failures="1">
        <testcase name="helloWorld()" classname="helloWorld()" timestamp="2025-02-18T16:45:47.900+00:00" time="0.000" id="trunk:test://com.apple.xcode/swift%20testing%20example/swift%20testing%20exampleTests/helloWorld()">
        </testcase>
        <testcase name="helloWorldInvalid()" classname="helloWorldInvalid()" timestamp="2025-02-18T16:45:47.900+00:00" time="0.001" id="trunk:test://com.apple.xcode/swift%20testing%20example/swift%20testing%20exampleTests/helloWorldInvalid()" file="/Users/work/src/swift-testing/swift%20testing%20example/swift%20testing%20exampleTests/swift_testing_exampleTests.swift">
            <failure message="swift_testing_exampleTests.swift:19: Expectation failed: (greeting → &quot;Hello, world!&quot;) == &quot;Hello&quot;"/>
        </testcase>
    </testsuite>
</testsuites>
