<?xml version="1.0" encoding="UTF-8"?>
<testsuites name="xcresult: Test Plan" tests="52" failures="25" errors="0">
    <testsuite name="AtomicBoyTests.AtomicBoyTests" tests="2" disabled="0" errors="0" failures="1">
        <testcase name="testExample" classname="AtomicBoyTests" timestamp="2022-07-06T11:23:11.655+00:00" time="0.019" id="trunk:test://com.apple.xcode/AtomicBoy/AtomicBoyTests/AtomicBoyTests/testExample" file="/Users/lyndsey/repos/fastlane-plugin-test_center/AtomicBoy/AtomicBoyTests/AtomicBoyTests.m">
            <failure message="AtomicBoyTests.m:32: ((false) is true) failed"/>
        </testcase>
        <testcase name="testPerformanceExample" classname="AtomicBoyTests" timestamp="2022-07-06T11:23:11.655+00:00" time="0.270" id="trunk:test://com.apple.xcode/AtomicBoy/AtomicBoyTests/AtomicBoyTests/testPerformanceExample" file="/Users/lyndsey/repos/fastlane-plugin-test_center/AtomicBoy/AtomicBoyTests/AtomicBoyTests.m">
        </testcase>
    </testsuite>
    <testsuite name="AtomicBoyUITests.AtomicBoyUITests" tests="48" disabled="0" errors="0" failures="24">
        <testcase name="testExample" classname="AtomicBoyUITests" timestamp="2022-07-06T11:23:11.655+00:00" time="3.000" id="trunk:test://com.apple.xcode/AtomicBoy/AtomicBoyUITests/AtomicBoyUITests/testExample" file="/Users/lyndsey/repos/fastlane-plugin-test_center/AtomicBoy/AtomicBoyUITests/AtomicBoyUITests.m">
            <failure message="AtomicBoyUITests.m:40: ((false) is true) failed"/>
        </testcase>
        <testcase name="testExample10" classname="AtomicBoyUITests" timestamp="2022-07-06T11:23:11.655+00:00" time="4.000" id="trunk:test://com.apple.xcode/AtomicBoy/AtomicBoyUITests/AtomicBoyUITests/testExample10" file="/Users/lyndsey/repos/fastlane-plugin-test_center/AtomicBoy/AtomicBoyUITests/AtomicBoyUITests.m">
        </testcase>
        <testcase name="testExample11" classname="AtomicBoyUITests" timestamp="2022-07-06T11:23:11.655+00:00" time="4.000" id="trunk:test://com.apple.xcode/AtomicBoy/AtomicBoyUITests/AtomicBoyUITests/testExample11" file="/Users/lyndsey/repos/fastlane-plugin-test_center/AtomicBoy/AtomicBoyUITests/AtomicBoyUITests.m">
            <failure message="AtomicBoyUITests.m:120: ((false) is true) failed"/>
        </testcase>
        <testcase name="testExample12" classname="AtomicBoyUITests" timestamp="2022-07-06T11:23:11.655+00:00" time="4.000" id="trunk:test://com.apple.xcode/AtomicBoy/AtomicBoyUITests/AtomicBoyUITests/testExample12" file="/Users/lyndsey/repos/fastlane-plugin-test_center/AtomicBoy/AtomicBoyUITests/AtomicBoyUITests.m">
            <failure message="AtomicBoyUITests.m:128: ((false) is true) failed"/>
        </testcase>
        <testcase name="testExample13" classname="AtomicBoyUITests" timestamp="2022-07-06T11:23:11.655+00:00" time="4.000" id="trunk:test://com.apple.xcode/AtomicBoy/AtomicBoyUITests/AtomicBoyUITests/testExample13" file="/Users/lyndsey/repos/fastlane-plugin-test_center/AtomicBoy/AtomicBoyUITests/AtomicBoyUITests.m">
            <failure message="AtomicBoyUITests.m:136: ((false) is true) failed"/>
        </testcase>
        <testcase name="testExample14" classname="AtomicBoyUITests" timestamp="2022-07-06T11:23:11.655+00:00" time="4.000" id="trunk:test://com.apple.xcode/AtomicBoy/AtomicBoyUITests/AtomicBoyUITests/testExample14" file="/Users/lyndsey/repos/fastlane-plugin-test_center/AtomicBoy/AtomicBoyUITests/AtomicBoyUITests.m">
            <failure message="AtomicBoyUITests.m:144: ((false) is true) failed"/>
        </testcase>
        <testcase name="testExample15" classname="AtomicBoyUITests" timestamp="2022-07-06T11:23:11.655+00:00" time="4.000" id="trunk:test://com.apple.xcode/AtomicBoy/AtomicBoyUITests/AtomicBoyUITests/testExample15" file="/Users/lyndsey/repos/fastlane-plugin-test_center/AtomicBoy/AtomicBoyUITests/AtomicBoyUITests.m">
            <failure message="AtomicBoyUITests.m:152: ((false) is true) failed"/>
        </testcase>
        <testcase name="testExample16" classname="AtomicBoyUITests" timestamp="2022-07-06T11:23:11.655+00:00" time="4.000" id="trunk:test://com.apple.xcode/AtomicBoy/AtomicBoyUITests/AtomicBoyUITests/testExample16" file="/Users/lyndsey/repos/fastlane-plugin-test_center/AtomicBoy/AtomicBoyUITests/AtomicBoyUITests.m">
            <failure message="AtomicBoyUITests.m:160: ((false) is true) failed"/>
        </testcase>
        <testcase name="testExample17" classname="AtomicBoyUITests" timestamp="2022-07-06T11:23:11.655+00:00" time="4.000" id="trunk:test://com.apple.xcode/AtomicBoy/AtomicBoyUITests/AtomicBoyUITests/testExample17" file="/Users/lyndsey/repos/fastlane-plugin-test_center/AtomicBoy/AtomicBoyUITests/AtomicBoyUITests.m">
        </testcase>
        <testcase name="testExample18" classname="AtomicBoyUITests" timestamp="2022-07-06T11:23:11.655+00:00" time="4.000" id="trunk:test://com.apple.xcode/AtomicBoy/AtomicBoyUITests/AtomicBoyUITests/testExample18" file="/Users/lyndsey/repos/fastlane-plugin-test_center/AtomicBoy/AtomicBoyUITests/AtomicBoyUITests.m">
        </testcase>
        <testcase name="testExample19" classname="AtomicBoyUITests" timestamp="2022-07-06T11:23:11.655+00:00" time="4.000" id="trunk:test://com.apple.xcode/AtomicBoy/AtomicBoyUITests/AtomicBoyUITests/testExample19" file="/Users/lyndsey/repos/fastlane-plugin-test_center/AtomicBoy/AtomicBoyUITests/AtomicBoyUITests.m">
            <failure message="AtomicBoyUITests.m:184: ((false) is true) failed"/>
        </testcase>
        <testcase name="testExample2" classname="AtomicBoyUITests" timestamp="2022-07-06T11:23:11.655+00:00" time="4.000" id="trunk:test://com.apple.xcode/AtomicBoy/AtomicBoyUITests/AtomicBoyUITests/testExample2" file="/Users/lyndsey/repos/fastlane-plugin-test_center/AtomicBoy/AtomicBoyUITests/AtomicBoyUITests.m">
            <failure message="AtomicBoyUITests.m:48: ((false) is true) failed"/>
        </testcase>
        <testcase name="testExample20" classname="AtomicBoyUITests" timestamp="2022-07-06T11:23:11.655+00:00" time="5.000" id="trunk:test://com.apple.xcode/AtomicBoy/AtomicBoyUITests/AtomicBoyUITests/testExample20" file="/Users/lyndsey/repos/fastlane-plugin-test_center/AtomicBoy/AtomicBoyUITests/AtomicBoyUITests.m">
        </testcase>
        <testcase name="testExample21" classname="AtomicBoyUITests" timestamp="2022-07-06T11:23:11.655+00:00" time="4.000" id="trunk:test://com.apple.xcode/AtomicBoy/AtomicBoyUITests/AtomicBoyUITests/testExample21" file="/Users/lyndsey/repos/fastlane-plugin-test_center/AtomicBoy/AtomicBoyUITests/AtomicBoyUITests.m">
            <failure message="AtomicBoyUITests.m:200: ((false) is true) failed"/>
        </testcase>
        <testcase name="testExample22" classname="AtomicBoyUITests" timestamp="2022-07-06T11:23:11.655+00:00" time="4.000" id="trunk:test://com.apple.xcode/AtomicBoy/AtomicBoyUITests/AtomicBoyUITests/testExample22" file="/Users/lyndsey/repos/fastlane-plugin-test_center/AtomicBoy/AtomicBoyUITests/AtomicBoyUITests.m">
            <failure message="AtomicBoyUITests.m:208: ((false) is true) failed"/>
        </testcase>
        <testcase name="testExample23" classname="AtomicBoyUITests" timestamp="2022-07-06T11:23:11.655+00:00" time="4.000" id="trunk:test://com.apple.xcode/AtomicBoy/AtomicBoyUITests/AtomicBoyUITests/testExample23" file="/Users/lyndsey/repos/fastlane-plugin-test_center/AtomicBoy/AtomicBoyUITests/AtomicBoyUITests.m">
            <failure message="AtomicBoyUITests.m:216: ((false) is true) failed"/>
        </testcase>
        <testcase name="testExample24" classname="AtomicBoyUITests" timestamp="2022-07-06T11:23:11.655+00:00" time="4.000" id="trunk:test://com.apple.xcode/AtomicBoy/AtomicBoyUITests/AtomicBoyUITests/testExample24" file="/Users/lyndsey/repos/fastlane-plugin-test_center/AtomicBoy/AtomicBoyUITests/AtomicBoyUITests.m">
            <failure message="AtomicBoyUITests.m:224: ((false) is true) failed"/>
        </testcase>
        <testcase name="testExample25" classname="AtomicBoyUITests" timestamp="2022-07-06T11:23:11.655+00:00" time="4.000" id="trunk:test://com.apple.xcode/AtomicBoy/AtomicBoyUITests/AtomicBoyUITests/testExample25" file="/Users/lyndsey/repos/fastlane-plugin-test_center/AtomicBoy/AtomicBoyUITests/AtomicBoyUITests.m">
        </testcase>
        <testcase name="testExample26" classname="AtomicBoyUITests" timestamp="2022-07-06T11:23:11.655+00:00" time="4.000" id="trunk:test://com.apple.xcode/AtomicBoy/AtomicBoyUITests/AtomicBoyUITests/testExample26" file="/Users/lyndsey/repos/fastlane-plugin-test_center/AtomicBoy/AtomicBoyUITests/AtomicBoyUITests.m">
        </testcase>
        <testcase name="testExample27" classname="AtomicBoyUITests" timestamp="2022-07-06T11:23:11.655+00:00" time="4.000" id="trunk:test://com.apple.xcode/AtomicBoy/AtomicBoyUITests/AtomicBoyUITests/testExample27" file="/Users/lyndsey/repos/fastlane-plugin-test_center/AtomicBoy/AtomicBoyUITests/AtomicBoyUITests.m">
            <failure message="AtomicBoyUITests.m:248: ((false) is true) failed"/>
        </testcase>
        <testcase name="testExample28" classname="AtomicBoyUITests" timestamp="2022-07-06T11:23:11.655+00:00" time="4.000" id="trunk:test://com.apple.xcode/AtomicBoy/AtomicBoyUITests/AtomicBoyUITests/testExample28" file="/Users/lyndsey/repos/fastlane-plugin-test_center/AtomicBoy/AtomicBoyUITests/AtomicBoyUITests.m">
            <failure message="AtomicBoyUITests.m:256: ((false) is true) failed"/>
        </testcase>
        <testcase name="testExample29" classname="AtomicBoyUITests" timestamp="2022-07-06T11:23:11.655+00:00" time="5.000" id="trunk:test://com.apple.xcode/AtomicBoy/AtomicBoyUITests/AtomicBoyUITests/testExample29" file="/Users/lyndsey/repos/fastlane-plugin-test_center/AtomicBoy/AtomicBoyUITests/AtomicBoyUITests.m">
            <failure message="AtomicBoyUITests.m:264: ((false) is true) failed"/>
        </testcase>
        <testcase name="testExample3" classname="AtomicBoyUITests" timestamp="2022-07-06T11:23:11.655+00:00" time="4.000" id="trunk:test://com.apple.xcode/AtomicBoy/AtomicBoyUITests/AtomicBoyUITests/testExample3" file="/Users/lyndsey/repos/fastlane-plugin-test_center/AtomicBoy/AtomicBoyUITests/AtomicBoyUITests.m">
        </testcase>
        <testcase name="testExample30" classname="AtomicBoyUITests" timestamp="2022-07-06T11:23:11.655+00:00" time="4.000" id="trunk:test://com.apple.xcode/AtomicBoy/AtomicBoyUITests/AtomicBoyUITests/testExample30" file="/Users/lyndsey/repos/fastlane-plugin-test_center/AtomicBoy/AtomicBoyUITests/AtomicBoyUITests.m">
            <failure message="AtomicBoyUITests.m:272: ((false) is true) failed"/>
        </testcase>
        <testcase name="testExample31" classname="AtomicBoyUITests" timestamp="2022-07-06T11:23:11.655+00:00" time="4.000" id="trunk:test://com.apple.xcode/AtomicBoy/AtomicBoyUITests/AtomicBoyUITests/testExample31" file="/Users/lyndsey/repos/fastlane-plugin-test_center/AtomicBoy/AtomicBoyUITests/AtomicBoyUITests.m">
        </testcase>
        <testcase name="testExample32" classname="AtomicBoyUITests" timestamp="2022-07-06T11:23:11.655+00:00" time="4.000" id="trunk:test://com.apple.xcode/AtomicBoy/AtomicBoyUITests/AtomicBoyUITests/testExample32" file="/Users/lyndsey/repos/fastlane-plugin-test_center/AtomicBoy/AtomicBoyUITests/AtomicBoyUITests.m">
        </testcase>
        <testcase name="testExample33" classname="AtomicBoyUITests" timestamp="2022-07-06T11:23:11.655+00:00" time="4.000" id="trunk:test://com.apple.xcode/AtomicBoy/AtomicBoyUITests/AtomicBoyUITests/testExample33" file="/Users/lyndsey/repos/fastlane-plugin-test_center/AtomicBoy/AtomicBoyUITests/AtomicBoyUITests.m">
        </testcase>
        <testcase name="testExample34" classname="AtomicBoyUITests" timestamp="2022-07-06T11:23:11.655+00:00" time="4.000" id="trunk:test://com.apple.xcode/AtomicBoy/AtomicBoyUITests/AtomicBoyUITests/testExample34" file="/Users/lyndsey/repos/fastlane-plugin-test_center/AtomicBoy/AtomicBoyUITests/AtomicBoyUITests.m">
        </testcase>
        <testcase name="testExample35" classname="AtomicBoyUITests" timestamp="2022-07-06T11:23:11.655+00:00" time="4.000" id="trunk:test://com.apple.xcode/AtomicBoy/AtomicBoyUITests/AtomicBoyUITests/testExample35" file="/Users/lyndsey/repos/fastlane-plugin-test_center/AtomicBoy/AtomicBoyUITests/AtomicBoyUITests.m">
            <failure message="AtomicBoyUITests.m:312: ((false) is true) failed"/>
        </testcase>
        <testcase name="testExample36" classname="AtomicBoyUITests" timestamp="2022-07-06T11:23:11.655+00:00" time="4.000" id="trunk:test://com.apple.xcode/AtomicBoy/AtomicBoyUITests/AtomicBoyUITests/testExample36" file="/Users/lyndsey/repos/fastlane-plugin-test_center/AtomicBoy/AtomicBoyUITests/AtomicBoyUITests.m">
        </testcase>
        <testcase name="testExample37" classname="AtomicBoyUITests" timestamp="2022-07-06T11:23:11.655+00:00" time="5.000" id="trunk:test://com.apple.xcode/AtomicBoy/AtomicBoyUITests/AtomicBoyUITests/testExample37" file="/Users/lyndsey/repos/fastlane-plugin-test_center/AtomicBoy/AtomicBoyUITests/AtomicBoyUITests.m">
            <failure message="AtomicBoyUITests.m:328: ((false) is true) failed"/>
        </testcase>
        <testcase name="testExample38" classname="AtomicBoyUITests" timestamp="2022-07-06T11:23:11.655+00:00" time="4.000" id="trunk:test://com.apple.xcode/AtomicBoy/AtomicBoyUITests/AtomicBoyUITests/testExample38" file="/Users/lyndsey/repos/fastlane-plugin-test_center/AtomicBoy/AtomicBoyUITests/AtomicBoyUITests.m">
            <failure message="AtomicBoyUITests.m:336: ((false) is true) failed"/>
        </testcase>
        <testcase name="testExample39" classname="AtomicBoyUITests" timestamp="2022-07-06T11:23:11.655+00:00" time="4.000" id="trunk:test://com.apple.xcode/AtomicBoy/AtomicBoyUITests/AtomicBoyUITests/testExample39" file="/Users/lyndsey/repos/fastlane-plugin-test_center/AtomicBoy/AtomicBoyUITests/AtomicBoyUITests.m">
        </testcase>
        <testcase name="testExample4" classname="AtomicBoyUITests" timestamp="2022-07-06T11:23:11.655+00:00" time="4.000" id="trunk:test://com.apple.xcode/AtomicBoy/AtomicBoyUITests/AtomicBoyUITests/testExample4" file="/Users/lyndsey/repos/fastlane-plugin-test_center/AtomicBoy/AtomicBoyUITests/AtomicBoyUITests.m">
        </testcase>
        <testcase name="testExample40" classname="AtomicBoyUITests" timestamp="2022-07-06T11:23:11.655+00:00" time="4.000" id="trunk:test://com.apple.xcode/AtomicBoy/AtomicBoyUITests/AtomicBoyUITests/testExample40" file="/Users/lyndsey/repos/fastlane-plugin-test_center/AtomicBoy/AtomicBoyUITests/AtomicBoyUITests.m">
            <failure message="AtomicBoyUITests.m:352: ((false) is true) failed"/>
        </testcase>
        <testcase name="testExample41" classname="AtomicBoyUITests" timestamp="2022-07-06T11:23:11.655+00:00" time="4.000" id="trunk:test://com.apple.xcode/AtomicBoy/AtomicBoyUITests/AtomicBoyUITests/testExample41" file="/Users/lyndsey/repos/fastlane-plugin-test_center/AtomicBoy/AtomicBoyUITests/AtomicBoyUITests.m">
        </testcase>
        <testcase name="testExample42" classname="AtomicBoyUITests" timestamp="2022-07-06T11:23:11.655+00:00" time="4.000" id="trunk:test://com.apple.xcode/AtomicBoy/AtomicBoyUITests/AtomicBoyUITests/testExample42" file="/Users/lyndsey/repos/fastlane-plugin-test_center/AtomicBoy/AtomicBoyUITests/AtomicBoyUITests.m">
        </testcase>
        <testcase name="testExample43" classname="AtomicBoyUITests" timestamp="2022-07-06T11:23:11.655+00:00" time="4.000" id="trunk:test://com.apple.xcode/AtomicBoy/AtomicBoyUITests/AtomicBoyUITests/testExample43" file="/Users/lyndsey/repos/fastlane-plugin-test_center/AtomicBoy/AtomicBoyUITests/AtomicBoyUITests.m">
        </testcase>
        <testcase name="testExample44" classname="AtomicBoyUITests" timestamp="2022-07-06T11:23:11.655+00:00" time="4.000" id="trunk:test://com.apple.xcode/AtomicBoy/AtomicBoyUITests/AtomicBoyUITests/testExample44" file="/Users/lyndsey/repos/fastlane-plugin-test_center/AtomicBoy/AtomicBoyUITests/AtomicBoyUITests.m">
        </testcase>
        <testcase name="testExample45" classname="AtomicBoyUITests" timestamp="2022-07-06T11:23:11.655+00:00" time="4.000" id="trunk:test://com.apple.xcode/AtomicBoy/AtomicBoyUITests/AtomicBoyUITests/testExample45" file="/Users/lyndsey/repos/fastlane-plugin-test_center/AtomicBoy/AtomicBoyUITests/AtomicBoyUITests.m">
        </testcase>
        <testcase name="testExample46" classname="AtomicBoyUITests" timestamp="2022-07-06T11:23:11.655+00:00" time="4.000" id="trunk:test://com.apple.xcode/AtomicBoy/AtomicBoyUITests/AtomicBoyUITests/testExample46" file="/Users/lyndsey/repos/fastlane-plugin-test_center/AtomicBoy/AtomicBoyUITests/AtomicBoyUITests.m">
        </testcase>
        <testcase name="testExample47" classname="AtomicBoyUITests" timestamp="2022-07-06T11:23:11.655+00:00" time="4.000" id="trunk:test://com.apple.xcode/AtomicBoy/AtomicBoyUITests/AtomicBoyUITests/testExample47" file="/Users/lyndsey/repos/fastlane-plugin-test_center/AtomicBoy/AtomicBoyUITests/AtomicBoyUITests.m">
        </testcase>
        <testcase name="testExample48" classname="AtomicBoyUITests" timestamp="2022-07-06T11:23:11.655+00:00" time="5.000" id="trunk:test://com.apple.xcode/AtomicBoy/AtomicBoyUITests/AtomicBoyUITests/testExample48" file="/Users/lyndsey/repos/fastlane-plugin-test_center/AtomicBoy/AtomicBoyUITests/AtomicBoyUITests.m">
            <failure message="AtomicBoyUITests.m:416: ((false) is true) failed"/>
        </testcase>
        <testcase name="testExample5" classname="AtomicBoyUITests" timestamp="2022-07-06T11:23:11.655+00:00" time="4.000" id="trunk:test://com.apple.xcode/AtomicBoy/AtomicBoyUITests/AtomicBoyUITests/testExample5" file="/Users/lyndsey/repos/fastlane-plugin-test_center/AtomicBoy/AtomicBoyUITests/AtomicBoyUITests.m">
            <failure message="AtomicBoyUITests.m:72: ((false) is true) failed"/>
        </testcase>
        <testcase name="testExample6" classname="AtomicBoyUITests" timestamp="2022-07-06T11:23:11.655+00:00" time="4.000" id="trunk:test://com.apple.xcode/AtomicBoy/AtomicBoyUITests/AtomicBoyUITests/testExample6" file="/Users/lyndsey/repos/fastlane-plugin-test_center/AtomicBoy/AtomicBoyUITests/AtomicBoyUITests.m">
        </testcase>
        <testcase name="testExample7" classname="AtomicBoyUITests" timestamp="2022-07-06T11:23:11.655+00:00" time="4.000" id="trunk:test://com.apple.xcode/AtomicBoy/AtomicBoyUITests/AtomicBoyUITests/testExample7" file="/Users/lyndsey/repos/fastlane-plugin-test_center/AtomicBoy/AtomicBoyUITests/AtomicBoyUITests.m">
        </testcase>
        <testcase name="testExample8" classname="AtomicBoyUITests" timestamp="2022-07-06T11:23:11.655+00:00" time="4.000" id="trunk:test://com.apple.xcode/AtomicBoy/AtomicBoyUITests/AtomicBoyUITests/testExample8" file="/Users/lyndsey/repos/fastlane-plugin-test_center/AtomicBoy/AtomicBoyUITests/AtomicBoyUITests.m">
        </testcase>
        <testcase name="testExample9" classname="AtomicBoyUITests" timestamp="2022-07-06T11:23:11.655+00:00" time="4.000" id="trunk:test://com.apple.xcode/AtomicBoy/AtomicBoyUITests/AtomicBoyUITests/testExample9" file="/Users/lyndsey/repos/fastlane-plugin-test_center/AtomicBoy/AtomicBoyUITests/AtomicBoyUITests.m">
            <failure message="AtomicBoyUITests.m:104: ((false) is true) failed"/>
        </testcase>
    </testsuite>
    <testsuite name="AtomicBoyUITests.CobaltDog" tests="1" disabled="0" errors="0" failures="0">
        <testcase name="testExample()" classname="CobaltDog" timestamp="2022-07-06T11:23:11.655+00:00" time="4.000" id="trunk:test://com.apple.xcode/AtomicBoy/AtomicBoyUITests/CobaltDog/testExample">
        </testcase>
    </testsuite>
    <testsuite name="AtomicBoyUITests.SwiftAtomicBoyUITests" tests="1" disabled="0" errors="0" failures="0">
        <testcase name="testExample()" classname="SwiftAtomicBoyUITests" timestamp="2022-07-06T11:23:11.655+00:00" time="0.017" id="trunk:test://com.apple.xcode/AtomicBoy/AtomicBoyUITests/SwiftAtomicBoyUITests/testExample">
        </testcase>
    </testsuite>
</testsuites>
