<?xml version="1.0" encoding="UTF-8"?>
<testsuites name="xcresult: swift testing example" tests="2" failures="1" errors="0">
    <testsuite name="swift testing exampleTests" tests="2" disabled="0" errors="0" failures="1">
        <testcase name="helloWorld()" classname="helloWorld()" time="0.000" id="7ecfda2a-0be3-5d89-baa8-55a4db82dbc3">
        </testcase>
        <testcase name="helloWorldInvalid()" classname="helloWorldInvalid()" time="0.001" id="5bc0c7dc-c9a3-56ce-9f89-0161d851e2e2" file="/Users/work/src/swift-testing/swift testing example/swift testing exampleTests/swift_testing_exampleTests.swift">
            <failure message="swift_testing_exampleTests.swift:19: Expectation failed: (greeting → &quot;Hello, world!&quot;) == &quot;Hello&quot;"/>
        </testcase>
    </testsuite>
</testsuites>
