<?xml version="1.0" encoding="UTF-8"?>
<testsuites name="xcresult: InRepoHelperRaisesFailure-Package" tests="1" failures="1" errors="0">
    <testsuite name="InRepoHelperRaisesFailureTests.InRepoHelperRaisesFailureTests" tests="1" disabled="0" errors="0" failures="1">
        <testcase name="failsInsideHelper()" classname="InRepoHelperRaisesFailureTests" timestamp="2026-08-17T21:31:43.127+00:00" id="bccf79c6-64a4-591c-8391-6c52d31b9574" file="/tmp/xcresult-fixtures/in-repo-helper-raises-failure/Tests/InRepoHelperRaisesFailureTests/InRepoHelperRaisesFailureTests.swift">
            <failure message="FailureHelper.swift:11: Issue recorded: recorded from a helper in the test target"/>
        </testcase>
    </testsuite>
</testsuites>
