<?xml version="1.0" encoding="UTF-8"?>
<testsuites name="xcresult: Xcresultparser-Package" tests="17" failures="0" errors="0">
    <testsuite name="XcresultparserTests.XcresultparserTests" tests="17" disabled="0" errors="0" failures="0">
        <testcase name="testCleanCodeErrors()" classname="XcresultparserTests" timestamp="2024-09-30T19:12:51.159+00:00" time="0.960" id="trunk:test://com.apple.xcode/Xcresultparser/XcresultparserTests/XcresultparserTests/testCleanCodeErrors">
        </testcase>
        <testcase name="testCleanCodeWarnings()" classname="XcresultparserTests" timestamp="2024-09-30T19:12:51.159+00:00" time="0.170" id="trunk:test://com.apple.xcode/Xcresultparser/XcresultparserTests/XcresultparserTests/testCleanCodeWarnings">
        </testcase>
        <testcase name="testCleanCodeWarningsWithRelativePath()" classname="XcresultparserTests" timestamp="2024-09-30T19:12:51.159+00:00" time="0.170" id="trunk:test://com.apple.xcode/Xcresultparser/XcresultparserTests/XcresultparserTests/testCleanCodeWarningsWithRelativePath">
        </testcase>
        <testcase name="testCLIResultFormatter()" classname="XcresultparserTests" timestamp="2024-09-30T19:12:51.159+00:00" time="1.000" id="trunk:test://com.apple.xcode/Xcresultparser/XcresultparserTests/XcresultparserTests/testCLIResultFormatter">
        </testcase>
        <testcase name="testCoberturaConverter()" classname="XcresultparserTests" timestamp="2024-09-30T19:12:51.159+00:00" time="1.000" id="trunk:test://com.apple.xcode/Xcresultparser/XcresultparserTests/XcresultparserTests/testCoberturaConverter">
        </testcase>
        <testcase name="testCoverageConverter()" classname="XcresultparserTests" timestamp="2024-09-30T19:12:51.159+00:00" time="1.000" id="trunk:test://com.apple.xcode/Xcresultparser/XcresultparserTests/XcresultparserTests/testCoverageConverter">
        </testcase>
        <testcase name="testCoverageReportFormat()" classname="XcresultparserTests" timestamp="2024-09-30T19:12:51.159+00:00" time="0.000" id="trunk:test://com.apple.xcode/Xcresultparser/XcresultparserTests/XcresultparserTests/testCoverageReportFormat">
        </testcase>
        <testcase name="testHTMLResultFormatter()" classname="XcresultparserTests" timestamp="2024-09-30T19:12:51.159+00:00" time="0.770" id="trunk:test://com.apple.xcode/Xcresultparser/XcresultparserTests/XcresultparserTests/testHTMLResultFormatter">
        </testcase>
        <testcase name="testJunitXMLJunit()" classname="XcresultparserTests" timestamp="2024-09-30T19:12:51.159+00:00" time="0.350" id="trunk:test://com.apple.xcode/Xcresultparser/XcresultparserTests/XcresultparserTests/testJunitXMLJunit">
        </testcase>
        <testcase name="testJunitXMLMergedJunit()" classname="XcresultparserTests" timestamp="2024-09-30T19:12:51.159+00:00" time="0.550" id="trunk:test://com.apple.xcode/Xcresultparser/XcresultparserTests/XcresultparserTests/testJunitXMLMergedJunit">
        </testcase>
        <testcase name="testJunitXMLSonar()" classname="XcresultparserTests" timestamp="2024-09-30T19:12:51.159+00:00" time="0.360" id="trunk:test://com.apple.xcode/Xcresultparser/XcresultparserTests/XcresultparserTests/testJunitXMLSonar">
        </testcase>
        <testcase name="testMDResultFormatter()" classname="XcresultparserTests" timestamp="2024-09-30T19:12:51.159+00:00" time="0.780" id="trunk:test://com.apple.xcode/Xcresultparser/XcresultparserTests/XcresultparserTests/testMDResultFormatter">
        </testcase>
        <testcase name="testOutputFormat()" classname="XcresultparserTests" timestamp="2024-09-30T19:12:51.159+00:00" time="0.001" id="trunk:test://com.apple.xcode/Xcresultparser/XcresultparserTests/XcresultparserTests/testOutputFormat">
        </testcase>
        <testcase name="testSonarCoverageConverter()" classname="XcresultparserTests" timestamp="2024-09-30T19:12:51.159+00:00" time="1.000" id="trunk:test://com.apple.xcode/Xcresultparser/XcresultparserTests/XcresultparserTests/testSonarCoverageConverter">
        </testcase>
        <testcase name="testTextResultFormatter()" classname="XcresultparserTests" timestamp="2024-09-30T19:12:51.159+00:00" time="0.760" id="trunk:test://com.apple.xcode/Xcresultparser/XcresultparserTests/XcresultparserTests/testTextResultFormatter">
        </testcase>
        <testcase name="testTextResultFormatterMethodsCoverageReportFormat()" classname="XcresultparserTests" timestamp="2024-09-30T19:12:51.159+00:00" time="0.770" id="trunk:test://com.apple.xcode/Xcresultparser/XcresultparserTests/XcresultparserTests/testTextResultFormatterMethodsCoverageReportFormat">
        </testcase>
        <testcase name="testTextResultFormatterTotalCoverageReportFormat()" classname="XcresultparserTests" timestamp="2024-09-30T19:12:51.159+00:00" time="0.780" id="trunk:test://com.apple.xcode/Xcresultparser/XcresultparserTests/XcresultparserTests/testTextResultFormatterTotalCoverageReportFormat">
        </testcase>
    </testsuite>
</testsuites>
