<?xml version="1.0" encoding="UTF-8"?>
<testsuites name="xcresult: DependencyRaisesFailure-Package" tests="1" failures="1" errors="0">
    <testsuite name="DependencyRaisesFailureTests.DependencyRaisesFailureTests" tests="1" disabled="0" errors="0" failures="1">
        <testcase name="failsInsideDependency()" classname="DependencyRaisesFailureTests" timestamp="2026-08-17T21:30:41.708+00:00" id="6ed95be9-15ec-5133-84c7-2af0bd4bc487">
            <failure message="FixtureSupport.swift:15: Issue recorded: recorded from the dependency&apos;s own source"/>
        </testcase>
    </testsuite>
</testsuites>
